#! /c/Source/iverilog-install/bin/vvp
:ivl_version "12.0 (devel)" "(s20150603-1539-g2693dd32b)";
:ivl_delay_selection "TYPICAL";
:vpi_time_precision - 12;
:vpi_module "C:\Users\iverilog\lib\ivl\system.vpi";
:vpi_module "C:\Users\iverilog\lib\ivl\vhdl_sys.vpi";
:vpi_module "C:\Users\iverilog\lib\ivl\vhdl_textio.vpi";
:vpi_module "C:\Users\iverilog\lib\ivl\v2005_math.vpi";
:vpi_module "C:\Users\iverilog\lib\ivl\va_math.vpi";
S_0000022d5fb45dc0 .scope module, "tb_Decoder3x8" "tb_Decoder3x8" 2 3;
 .timescale -9 -12;
v0000022d5fb460e0_0 .var "en", 0 0;
v0000022d5fb46180_0 .var "in", 2 0;
v0000022d5fc8b6c0_0 .net "out", 7 0, v0000022d5fb136f0_0;  1 drivers
S_0000022d5fb45f50 .scope module, "uut" "Decoder3x8" 2 8, 3 1 0, S_0000022d5fb45dc0;
 .timescale 0 0;
    .port_info 0 /INPUT 3 "in";
    .port_info 1 /INPUT 1 "en";
    .port_info 2 /OUTPUT 8 "out";
v0000022d5fb134d0_0 .net "en", 0 0, v0000022d5fb460e0_0;  1 drivers
v0000022d5fb130e0_0 .net "in", 2 0, v0000022d5fb46180_0;  1 drivers
v0000022d5fb136f0_0 .var "out", 7 0;
E_0000022d5fb36c10 .event anyedge, v0000022d5fb134d0_0, v0000022d5fb130e0_0;
    .scope S_0000022d5fb45f50;
T_0 ;
    %wait E_0000022d5fb36c10;
    %load/vec4 v0000022d5fb134d0_0;
    %flag_set/vec4 8;
    %jmp/0xz  T_0.0, 8;
    %pushi/vec4 1, 0, 8;
    %ix/getv 4, v0000022d5fb130e0_0;
    %shiftl 4;
    %store/vec4 v0000022d5fb136f0_0, 0, 8;
    %jmp T_0.1;
T_0.0 ;
    %pushi/vec4 0, 0, 8;
    %store/vec4 v0000022d5fb136f0_0, 0, 8;
T_0.1 ;
    %jmp T_0;
    .thread T_0, $push;
    .scope S_0000022d5fb45dc0;
T_1 ;
    %vpi_call 2 15 "$dumpfile", "decoder3x8waveform.vcd" {0 0 0};
    %vpi_call 2 16 "$dumpvars", 32'sb00000000000000000000000000000000, S_0000022d5fb45dc0 {0 0 0};
    %pushi/vec4 0, 0, 1;
    %ix/load 4, 2, 0;
    %flag_set/imm 4, 0;
    %store/vec4 v0000022d5fb46180_0, 4, 1;
    %pushi/vec4 0, 0, 1;
    %ix/load 4, 1, 0;
    %flag_set/imm 4, 0;
    %store/vec4 v0000022d5fb46180_0, 4, 1;
    %pushi/vec4 0, 0, 1;
    %ix/load 4, 0, 0;
    %flag_set/imm 4, 0;
    %store/vec4 v0000022d5fb46180_0, 4, 1;
    %delay 10000, 0;
    %vpi_call 2 19 "$display", "Enable = %b | input = %b | output = %b", v0000022d5fb460e0_0, v0000022d5fb46180_0, v0000022d5fc8b6c0_0 {0 0 0};
    %pushi/vec4 0, 0, 1;
    %ix/load 4, 2, 0;
    %flag_set/imm 4, 0;
    %store/vec4 v0000022d5fb46180_0, 4, 1;
    %pushi/vec4 0, 0, 1;
    %ix/load 4, 1, 0;
    %flag_set/imm 4, 0;
    %store/vec4 v0000022d5fb46180_0, 4, 1;
    %pushi/vec4 1, 0, 1;
    %ix/load 4, 0, 0;
    %flag_set/imm 4, 0;
    %store/vec4 v0000022d5fb46180_0, 4, 1;
    %delay 10000, 0;
    %vpi_call 2 21 "$display", "Enable = %b | input = %b | output = %b", v0000022d5fb460e0_0, v0000022d5fb46180_0, v0000022d5fc8b6c0_0 {0 0 0};
    %pushi/vec4 0, 0, 1;
    %ix/load 4, 2, 0;
    %flag_set/imm 4, 0;
    %store/vec4 v0000022d5fb46180_0, 4, 1;
    %pushi/vec4 1, 0, 1;
    %ix/load 4, 1, 0;
    %flag_set/imm 4, 0;
    %store/vec4 v0000022d5fb46180_0, 4, 1;
    %pushi/vec4 0, 0, 1;
    %ix/load 4, 0, 0;
    %flag_set/imm 4, 0;
    %store/vec4 v0000022d5fb46180_0, 4, 1;
    %delay 10000, 0;
    %vpi_call 2 23 "$display", "Enable = %b | input = %b | output = %b", v0000022d5fb460e0_0, v0000022d5fb46180_0, v0000022d5fc8b6c0_0 {0 0 0};
    %pushi/vec4 0, 0, 1;
    %ix/load 4, 2, 0;
    %flag_set/imm 4, 0;
    %store/vec4 v0000022d5fb46180_0, 4, 1;
    %pushi/vec4 1, 0, 1;
    %ix/load 4, 1, 0;
    %flag_set/imm 4, 0;
    %store/vec4 v0000022d5fb46180_0, 4, 1;
    %pushi/vec4 1, 0, 1;
    %ix/load 4, 0, 0;
    %flag_set/imm 4, 0;
    %store/vec4 v0000022d5fb46180_0, 4, 1;
    %delay 10000, 0;
    %vpi_call 2 25 "$display", "Enable = %b | input = %b | output = %b", v0000022d5fb460e0_0, v0000022d5fb46180_0, v0000022d5fc8b6c0_0 {0 0 0};
    %pushi/vec4 1, 0, 1;
    %ix/load 4, 2, 0;
    %flag_set/imm 4, 0;
    %store/vec4 v0000022d5fb46180_0, 4, 1;
    %pushi/vec4 0, 0, 1;
    %ix/load 4, 1, 0;
    %flag_set/imm 4, 0;
    %store/vec4 v0000022d5fb46180_0, 4, 1;
    %pushi/vec4 0, 0, 1;
    %ix/load 4, 0, 0;
    %flag_set/imm 4, 0;
    %store/vec4 v0000022d5fb46180_0, 4, 1;
    %delay 10000, 0;
    %vpi_call 2 27 "$display", "Enable = %b | input = %b | output = %b", v0000022d5fb460e0_0, v0000022d5fb46180_0, v0000022d5fc8b6c0_0 {0 0 0};
    %pushi/vec4 1, 0, 1;
    %ix/load 4, 2, 0;
    %flag_set/imm 4, 0;
    %store/vec4 v0000022d5fb46180_0, 4, 1;
    %pushi/vec4 0, 0, 1;
    %ix/load 4, 1, 0;
    %flag_set/imm 4, 0;
    %store/vec4 v0000022d5fb46180_0, 4, 1;
    %pushi/vec4 1, 0, 1;
    %ix/load 4, 0, 0;
    %flag_set/imm 4, 0;
    %store/vec4 v0000022d5fb46180_0, 4, 1;
    %delay 10000, 0;
    %vpi_call 2 29 "$display", "Enable = %b | input = %b | output = %b", v0000022d5fb460e0_0, v0000022d5fb46180_0, v0000022d5fc8b6c0_0 {0 0 0};
    %pushi/vec4 1, 0, 1;
    %ix/load 4, 2, 0;
    %flag_set/imm 4, 0;
    %store/vec4 v0000022d5fb46180_0, 4, 1;
    %pushi/vec4 1, 0, 1;
    %ix/load 4, 1, 0;
    %flag_set/imm 4, 0;
    %store/vec4 v0000022d5fb46180_0, 4, 1;
    %pushi/vec4 0, 0, 1;
    %ix/load 4, 0, 0;
    %flag_set/imm 4, 0;
    %store/vec4 v0000022d5fb46180_0, 4, 1;
    %delay 10000, 0;
    %vpi_call 2 31 "$display", "Enable = %b | input = %b | output = %b", v0000022d5fb460e0_0, v0000022d5fb46180_0, v0000022d5fc8b6c0_0 {0 0 0};
    %pushi/vec4 1, 0, 1;
    %ix/load 4, 2, 0;
    %flag_set/imm 4, 0;
    %store/vec4 v0000022d5fb46180_0, 4, 1;
    %pushi/vec4 1, 0, 1;
    %ix/load 4, 1, 0;
    %flag_set/imm 4, 0;
    %store/vec4 v0000022d5fb46180_0, 4, 1;
    %pushi/vec4 1, 0, 1;
    %ix/load 4, 0, 0;
    %flag_set/imm 4, 0;
    %store/vec4 v0000022d5fb46180_0, 4, 1;
    %delay 10000, 0;
    %vpi_call 2 33 "$display", "Enable = %b | input = %b | output = %b", v0000022d5fb460e0_0, v0000022d5fb46180_0, v0000022d5fc8b6c0_0 {0 0 0};
    %vpi_call 2 34 "$finish" {0 0 0};
    %end;
    .thread T_1;
# The file index is used to find the file name in the following table.
:file_names 4;
    "N/A";
    "<interactive>";
    "EncodersDecoders/tb_Decoder3x8.v";
    "EncodersDecoders/Decoder3x8.v";
