#! /c/Source/iverilog-install/bin/vvp
:ivl_version "12.0 (devel)" "(s20150603-1539-g2693dd32b)";
:ivl_delay_selection "TYPICAL";
:vpi_time_precision - 12;
:vpi_module "C:\Users\iverilog\lib\ivl\system.vpi";
:vpi_module "C:\Users\iverilog\lib\ivl\vhdl_sys.vpi";
:vpi_module "C:\Users\iverilog\lib\ivl\vhdl_textio.vpi";
:vpi_module "C:\Users\iverilog\lib\ivl\v2005_math.vpi";
:vpi_module "C:\Users\iverilog\lib\ivl\va_math.vpi";
S_0000020b80e1a320 .scope module, "tb_PriorityEncoder4x1" "tb_PriorityEncoder4x1" 2 3;
 .timescale -9 -12;
v0000020b80eba2d0_0 .var "in", 3 0;
v0000020b80eb9b50_0 .net "out0", 0 0, L_0000020b80e54e10;  1 drivers
v0000020b80eba5f0_0 .net "out1", 0 0, L_0000020b80e549b0;  1 drivers
S_0000020b80e1a4b0 .scope module, "uut" "PriorityEncoder4x2" 2 8, 3 1 0, S_0000020b80e1a320;
 .timescale 0 0;
    .port_info 0 /INPUT 4 "in";
    .port_info 1 /OUTPUT 1 "out0";
    .port_info 2 /OUTPUT 1 "out1";
L_0000020b80e549b0 .functor OR 1, L_0000020b80eb9bf0, L_0000020b80eb9c90, C4<0>, C4<0>;
L_0000020b80e54b70 .functor NOT 1, L_0000020b80eba050, C4<0>, C4<0>, C4<0>;
L_0000020b80e54ef0 .functor AND 1, L_0000020b80eb9e70, L_0000020b80e54b70, C4<1>, C4<1>;
L_0000020b80e54e10 .functor OR 1, L_0000020b80eba0f0, L_0000020b80e54ef0, C4<0>, C4<0>;
v0000020b80e32fe0_0 .net *"_ivl_1", 0 0, L_0000020b80eb9bf0;  1 drivers
v0000020b80e33200_0 .net *"_ivl_11", 0 0, L_0000020b80eba050;  1 drivers
v0000020b80e1a640_0 .net *"_ivl_12", 0 0, L_0000020b80e54b70;  1 drivers
v0000020b80e1a0f0_0 .net *"_ivl_14", 0 0, L_0000020b80e54ef0;  1 drivers
v0000020b80e64640_0 .net *"_ivl_3", 0 0, L_0000020b80eb9c90;  1 drivers
v0000020b80e646e0_0 .net *"_ivl_7", 0 0, L_0000020b80eba0f0;  1 drivers
v0000020b80e64780_0 .net *"_ivl_9", 0 0, L_0000020b80eb9e70;  1 drivers
v0000020b80e55830_0 .net "in", 3 0, v0000020b80eba2d0_0;  1 drivers
v0000020b80eb9dd0_0 .net "out0", 0 0, L_0000020b80e54e10;  alias, 1 drivers
v0000020b80eb9ab0_0 .net "out1", 0 0, L_0000020b80e549b0;  alias, 1 drivers
L_0000020b80eb9bf0 .part v0000020b80eba2d0_0, 2, 1;
L_0000020b80eb9c90 .part v0000020b80eba2d0_0, 3, 1;
L_0000020b80eba0f0 .part v0000020b80eba2d0_0, 3, 1;
L_0000020b80eb9e70 .part v0000020b80eba2d0_0, 1, 1;
L_0000020b80eba050 .part v0000020b80eba2d0_0, 2, 1;
    .scope S_0000020b80e1a320;
T_0 ;
    %vpi_call 2 15 "$dumpfile", "4x2priorityencoderwaveform.vcd" {0 0 0};
    %vpi_call 2 16 "$dumpvars", 32'sb00000000000000000000000000000000, S_0000020b80e1a320 {0 0 0};
    %pushi/vec4 0, 0, 1;
    %ix/load 4, 3, 0;
    %flag_set/imm 4, 0;
    %store/vec4 v0000020b80eba2d0_0, 4, 1;
    %pushi/vec4 0, 0, 1;
    %ix/load 4, 2, 0;
    %flag_set/imm 4, 0;
    %store/vec4 v0000020b80eba2d0_0, 4, 1;
    %pushi/vec4 0, 0, 1;
    %ix/load 4, 1, 0;
    %flag_set/imm 4, 0;
    %store/vec4 v0000020b80eba2d0_0, 4, 1;
    %pushi/vec4 0, 0, 1;
    %ix/load 4, 0, 0;
    %flag_set/imm 4, 0;
    %store/vec4 v0000020b80eba2d0_0, 4, 1;
    %delay 10000, 0;
    %vpi_call 2 19 "$display", "in0 = %b in1 = %b in2 = %b in3 = %b expected: out1 = x out0 = x results: out1 = %b out0 = %b", &PV<v0000020b80eba2d0_0, 0, 1>, &PV<v0000020b80eba2d0_0, 1, 1>, &PV<v0000020b80eba2d0_0, 2, 1>, &PV<v0000020b80eba2d0_0, 3, 1>, v0000020b80eba5f0_0, v0000020b80eb9b50_0 {0 0 0};
    %pushi/vec4 0, 0, 1;
    %ix/load 4, 3, 0;
    %flag_set/imm 4, 0;
    %store/vec4 v0000020b80eba2d0_0, 4, 1;
    %pushi/vec4 0, 0, 1;
    %ix/load 4, 2, 0;
    %flag_set/imm 4, 0;
    %store/vec4 v0000020b80eba2d0_0, 4, 1;
    %pushi/vec4 0, 0, 1;
    %ix/load 4, 1, 0;
    %flag_set/imm 4, 0;
    %store/vec4 v0000020b80eba2d0_0, 4, 1;
    %pushi/vec4 1, 0, 1;
    %ix/load 4, 0, 0;
    %flag_set/imm 4, 0;
    %store/vec4 v0000020b80eba2d0_0, 4, 1;
    %delay 10000, 0;
    %vpi_call 2 21 "$display", "in0 = %b in1 = %b in2 = %b in3 = %b expected: out1 = 0 out0 = 0 results: out1 = %b out0 = %b", &PV<v0000020b80eba2d0_0, 0, 1>, &PV<v0000020b80eba2d0_0, 1, 1>, &PV<v0000020b80eba2d0_0, 2, 1>, &PV<v0000020b80eba2d0_0, 3, 1>, v0000020b80eba5f0_0, v0000020b80eb9b50_0 {0 0 0};
    %pushi/vec4 0, 0, 1;
    %ix/load 4, 3, 0;
    %flag_set/imm 4, 0;
    %store/vec4 v0000020b80eba2d0_0, 4, 1;
    %pushi/vec4 0, 0, 1;
    %ix/load 4, 2, 0;
    %flag_set/imm 4, 0;
    %store/vec4 v0000020b80eba2d0_0, 4, 1;
    %pushi/vec4 1, 0, 1;
    %ix/load 4, 1, 0;
    %flag_set/imm 4, 0;
    %store/vec4 v0000020b80eba2d0_0, 4, 1;
    %pushi/vec4 0, 0, 1;
    %ix/load 4, 0, 0;
    %flag_set/imm 4, 0;
    %store/vec4 v0000020b80eba2d0_0, 4, 1;
    %delay 10000, 0;
    %vpi_call 2 23 "$display", "in0 = %b in1 = %b in2 = %b in3 = %b expected: out1 = 0 out0 = 1 results: out1 = %b out0 = %b", &PV<v0000020b80eba2d0_0, 0, 1>, &PV<v0000020b80eba2d0_0, 1, 1>, &PV<v0000020b80eba2d0_0, 2, 1>, &PV<v0000020b80eba2d0_0, 3, 1>, v0000020b80eba5f0_0, v0000020b80eb9b50_0 {0 0 0};
    %pushi/vec4 0, 0, 1;
    %ix/load 4, 3, 0;
    %flag_set/imm 4, 0;
    %store/vec4 v0000020b80eba2d0_0, 4, 1;
    %pushi/vec4 1, 0, 1;
    %ix/load 4, 2, 0;
    %flag_set/imm 4, 0;
    %store/vec4 v0000020b80eba2d0_0, 4, 1;
    %pushi/vec4 0, 0, 1;
    %ix/load 4, 1, 0;
    %flag_set/imm 4, 0;
    %store/vec4 v0000020b80eba2d0_0, 4, 1;
    %pushi/vec4 0, 0, 1;
    %ix/load 4, 0, 0;
    %flag_set/imm 4, 0;
    %store/vec4 v0000020b80eba2d0_0, 4, 1;
    %delay 10000, 0;
    %vpi_call 2 25 "$display", "in0 = %b in1 = %b in2 = %b in3 = %b expected: out1 = 1 out0 = 0 results: out1 = %b out0 = %b", &PV<v0000020b80eba2d0_0, 0, 1>, &PV<v0000020b80eba2d0_0, 1, 1>, &PV<v0000020b80eba2d0_0, 2, 1>, &PV<v0000020b80eba2d0_0, 3, 1>, v0000020b80eba5f0_0, v0000020b80eb9b50_0 {0 0 0};
    %pushi/vec4 1, 0, 1;
    %ix/load 4, 3, 0;
    %flag_set/imm 4, 0;
    %store/vec4 v0000020b80eba2d0_0, 4, 1;
    %pushi/vec4 0, 0, 1;
    %ix/load 4, 2, 0;
    %flag_set/imm 4, 0;
    %store/vec4 v0000020b80eba2d0_0, 4, 1;
    %pushi/vec4 0, 0, 1;
    %ix/load 4, 1, 0;
    %flag_set/imm 4, 0;
    %store/vec4 v0000020b80eba2d0_0, 4, 1;
    %pushi/vec4 0, 0, 1;
    %ix/load 4, 0, 0;
    %flag_set/imm 4, 0;
    %store/vec4 v0000020b80eba2d0_0, 4, 1;
    %delay 10000, 0;
    %vpi_call 2 27 "$display", "in0 = %b in1 = %b in2 = %b in3 = %b expected: out1 = 1 out0 = 1 results: out1 = %b out0 = %b", &PV<v0000020b80eba2d0_0, 0, 1>, &PV<v0000020b80eba2d0_0, 1, 1>, &PV<v0000020b80eba2d0_0, 2, 1>, &PV<v0000020b80eba2d0_0, 3, 1>, v0000020b80eba5f0_0, v0000020b80eb9b50_0 {0 0 0};
    %vpi_call 2 29 "$finish" {0 0 0};
    %end;
    .thread T_0;
# The file index is used to find the file name in the following table.
:file_names 4;
    "N/A";
    "<interactive>";
    "EncodersDecoders/tb_PriorityEncoder4x2.v";
    "EncodersDecoders/PriorityEncoder4x2.v";
