#! /c/Source/iverilog-install/bin/vvp
:ivl_version "12.0 (devel)" "(s20150603-1539-g2693dd32b)";
:ivl_delay_selection "TYPICAL";
:vpi_time_precision + 0;
:vpi_module "C:\Users\iverilog\lib\ivl\system.vpi";
:vpi_module "C:\Users\iverilog\lib\ivl\vhdl_sys.vpi";
:vpi_module "C:\Users\iverilog\lib\ivl\vhdl_textio.vpi";
:vpi_module "C:\Users\iverilog\lib\ivl\v2005_math.vpi";
:vpi_module "C:\Users\iverilog\lib\ivl\va_math.vpi";
S_000001b148eb2df0 .scope module, "Comparator4bit" "Comparator4bit" 2 1;
 .timescale 0 0;
    .port_info 0 /INPUT 4 "in0";
    .port_info 1 /INPUT 4 "in1";
    .port_info 2 /OUTPUT 4 "greater";
    .port_info 3 /OUTPUT 4 "smaller";
    .port_info 4 /OUTPUT 4 "equal";
v000001b148eb34d0_0 .var "equal", 3 0;
v000001b148e9bc30_0 .var "greater", 3 0;
v000001b148e9bcd0_0 .var/i "i", 31 0;
o000001b148ee7038 .functor BUFZ 4, C4<zzzz>; HiZ drive
v000001b148eb2f80_0 .net "in0", 3 0, o000001b148ee7038;  0 drivers
o000001b148ee7068 .functor BUFZ 4, C4<zzzz>; HiZ drive
v000001b148eb3020_0 .net "in1", 3 0, o000001b148ee7068;  0 drivers
v000001b148eb30c0_0 .var "smaller", 3 0;
E_000001b148e9c980 .event anyedge, v000001b148eb2f80_0, v000001b148eb3020_0, v000001b148e9bcd0_0;
    .scope S_000001b148eb2df0;
T_0 ;
    %wait E_000001b148e9c980;
    %pushi/vec4 0, 0, 32;
    %store/vec4 v000001b148e9bcd0_0, 0, 32;
T_0.0 ;
    %load/vec4 v000001b148e9bcd0_0;
    %cmpi/s 4, 0, 32;
    %jmp/0xz T_0.1, 5;
    %load/vec4 v000001b148eb2f80_0;
    %load/vec4 v000001b148e9bcd0_0;
    %part/s 1;
    %inv;
    %load/vec4 v000001b148eb3020_0;
    %load/vec4 v000001b148e9bcd0_0;
    %part/s 1;
    %and;
    %ix/getv/s 4, v000001b148e9bcd0_0;
    %store/vec4 v000001b148e9bc30_0, 4, 1;
    %load/vec4 v000001b148e9bcd0_0;
    %addi 1, 0, 32;
    %store/vec4 v000001b148e9bcd0_0, 0, 32;
    %jmp T_0.0;
T_0.1 ;
    %load/vec4 v000001b148eb2f80_0;
    %load/vec4 v000001b148e9bcd0_0;
    %part/s 1;
    %load/vec4 v000001b148eb3020_0;
    %load/vec4 v000001b148e9bcd0_0;
    %part/s 1;
    %inv;
    %and;
    %ix/getv/s 4, v000001b148e9bcd0_0;
    %store/vec4 v000001b148eb30c0_0, 4, 1;
    %load/vec4 v000001b148eb2f80_0;
    %load/vec4 v000001b148e9bcd0_0;
    %part/s 1;
    %load/vec4 v000001b148eb3020_0;
    %load/vec4 v000001b148e9bcd0_0;
    %part/s 1;
    %and;
    %load/vec4 v000001b148eb2f80_0;
    %load/vec4 v000001b148e9bcd0_0;
    %part/s 1;
    %inv;
    %load/vec4 v000001b148eb3020_0;
    %load/vec4 v000001b148e9bcd0_0;
    %part/s 1;
    %inv;
    %and;
    %or;
    %ix/getv/s 4, v000001b148e9bcd0_0;
    %store/vec4 v000001b148eb34d0_0, 4, 1;
    %jmp T_0;
    .thread T_0, $push;
# The file index is used to find the file name in the following table.
:file_names 3;
    "N/A";
    "<interactive>";
    "Comparators/Comparator4bit.v";
