#! /c/Source/iverilog-install/bin/vvp
:ivl_version "12.0 (devel)" "(s20150603-1539-g2693dd32b)";
:ivl_delay_selection "TYPICAL";
:vpi_time_precision - 12;
:vpi_module "C:\Users\iverilog\lib\ivl\system.vpi";
:vpi_module "C:\Users\iverilog\lib\ivl\vhdl_sys.vpi";
:vpi_module "C:\Users\iverilog\lib\ivl\vhdl_textio.vpi";
:vpi_module "C:\Users\iverilog\lib\ivl\v2005_math.vpi";
:vpi_module "C:\Users\iverilog\lib\ivl\va_math.vpi";
S_000001d317dfb0c0 .scope module, "tb_Comparator4bit" "tb_Comparator4bit" 2 3;
 .timescale -9 -12;
v000001d317e83000_0 .net "equal", 3 0, L_000001d317f11cc0;  1 drivers
v000001d317e830a0_0 .net "greater", 3 0, L_000001d317f11220;  1 drivers
v000001d317eb4270_0 .var "in0", 3 0;
v000001d317f11360_0 .var "in1", 3 0;
v000001d317f11ea0_0 .net "smaller", 3 0, L_000001d317f11680;  1 drivers
S_000001d317dfbaa0 .scope module, "uut" "Comparator4bit" 2 10, 3 1 0, S_000001d317dfb0c0;
 .timescale 0 0;
    .port_info 0 /INPUT 4 "in0";
    .port_info 1 /INPUT 4 "in1";
    .port_info 2 /OUTPUT 4 "greater";
    .port_info 3 /OUTPUT 4 "smaller";
    .port_info 4 /OUTPUT 4 "equal";
v000001d317e834d0_0 .net *"_ivl_0", 0 0, L_000001d317f11f40;  1 drivers
L_000001d317f13100 .functor BUFT 1, C4<000>, C4<0>, C4<0>, C4<0>;
v000001d317df8b10_0 .net *"_ivl_11", 2 0, L_000001d317f13100;  1 drivers
v000001d317dfb250_0 .net *"_ivl_12", 0 0, L_000001d317f11b80;  1 drivers
L_000001d317f13148 .functor BUFT 1, C4<000>, C4<0>, C4<0>, C4<0>;
v000001d317dfb2f0_0 .net *"_ivl_17", 2 0, L_000001d317f13148;  1 drivers
L_000001d317f130b8 .functor BUFT 1, C4<000>, C4<0>, C4<0>, C4<0>;
v000001d317dfbc30_0 .net *"_ivl_5", 2 0, L_000001d317f130b8;  1 drivers
v000001d317dfbcd0_0 .net *"_ivl_6", 0 0, L_000001d317f11720;  1 drivers
v000001d317e82ce0_0 .net "equal", 3 0, L_000001d317f11cc0;  alias, 1 drivers
v000001d317e82d80_0 .net "greater", 3 0, L_000001d317f11220;  alias, 1 drivers
v000001d317e82e20_0 .net "in0", 3 0, v000001d317eb4270_0;  1 drivers
v000001d317e82ec0_0 .net "in1", 3 0, v000001d317f11360_0;  1 drivers
v000001d317e82f60_0 .net "smaller", 3 0, L_000001d317f11680;  alias, 1 drivers
L_000001d317f11f40 .cmp/gt 4, v000001d317f11360_0, v000001d317eb4270_0;
L_000001d317f11220 .concat [ 1 3 0 0], L_000001d317f11f40, L_000001d317f130b8;
L_000001d317f11720 .cmp/gt 4, v000001d317eb4270_0, v000001d317f11360_0;
L_000001d317f11680 .concat [ 1 3 0 0], L_000001d317f11720, L_000001d317f13100;
L_000001d317f11b80 .cmp/eq 4, v000001d317f11360_0, v000001d317eb4270_0;
L_000001d317f11cc0 .concat [ 1 3 0 0], L_000001d317f11b80, L_000001d317f13148;
    .scope S_000001d317dfb0c0;
T_0 ;
    %vpi_call 2 19 "$dumpfile", "comparactorwaveform.vcd" {0 0 0};
    %vpi_call 2 20 "$dumpvars", 32'sb00000000000000000000000000000000, S_000001d317dfb0c0 {0 0 0};
    %pushi/vec4 0, 0, 4;
    %store/vec4 v000001d317eb4270_0, 0, 4;
    %pushi/vec4 0, 0, 4;
    %store/vec4 v000001d317f11360_0, 0, 4;
    %delay 10000, 0;
    %vpi_call 2 23 "$display", "input1 = %b input0 = %b | Greater: %b | Smaller: %b | Equal: %b |", v000001d317f11360_0, v000001d317eb4270_0, &PV<v000001d317e830a0_0, 0, 1>, &PV<v000001d317f11ea0_0, 0, 1>, &PV<v000001d317e83000_0, 0, 1> {0 0 0};
    %pushi/vec4 8, 0, 4;
    %store/vec4 v000001d317eb4270_0, 0, 4;
    %pushi/vec4 0, 0, 4;
    %store/vec4 v000001d317f11360_0, 0, 4;
    %delay 10000, 0;
    %vpi_call 2 25 "$display", "input1 = %b input0 = %b | Greater: %b | Smaller: %b | Equal: %b |", v000001d317f11360_0, v000001d317eb4270_0, &PV<v000001d317e830a0_0, 0, 1>, &PV<v000001d317f11ea0_0, 0, 1>, &PV<v000001d317e83000_0, 0, 1> {0 0 0};
    %pushi/vec4 0, 0, 4;
    %store/vec4 v000001d317eb4270_0, 0, 4;
    %pushi/vec4 8, 0, 4;
    %store/vec4 v000001d317f11360_0, 0, 4;
    %delay 10000, 0;
    %vpi_call 2 27 "$display", "input1 = %b input0 = %b | Greater: %b | Smaller: %b | Equal: %b |", v000001d317f11360_0, v000001d317eb4270_0, &PV<v000001d317e830a0_0, 0, 1>, &PV<v000001d317f11ea0_0, 0, 1>, &PV<v000001d317e83000_0, 0, 1> {0 0 0};
    %pushi/vec4 15, 0, 4;
    %store/vec4 v000001d317eb4270_0, 0, 4;
    %pushi/vec4 15, 0, 4;
    %store/vec4 v000001d317f11360_0, 0, 4;
    %delay 10000, 0;
    %vpi_call 2 29 "$display", "input1 = %b input0 = %b | Greater: %b | Smaller: %b | Equal: %b |", v000001d317f11360_0, v000001d317eb4270_0, &PV<v000001d317e830a0_0, 0, 1>, &PV<v000001d317f11ea0_0, 0, 1>, &PV<v000001d317e83000_0, 0, 1> {0 0 0};
    %pushi/vec4 14, 0, 4;
    %store/vec4 v000001d317eb4270_0, 0, 4;
    %pushi/vec4 7, 0, 4;
    %store/vec4 v000001d317f11360_0, 0, 4;
    %delay 10000, 0;
    %vpi_call 2 31 "$display", "input1 = %b input0 = %b | Greater: %b | Smaller: %b | Equal: %b |", v000001d317f11360_0, v000001d317eb4270_0, &PV<v000001d317e830a0_0, 0, 1>, &PV<v000001d317f11ea0_0, 0, 1>, &PV<v000001d317e83000_0, 0, 1> {0 0 0};
    %pushi/vec4 1, 0, 4;
    %store/vec4 v000001d317eb4270_0, 0, 4;
    %pushi/vec4 0, 0, 4;
    %store/vec4 v000001d317f11360_0, 0, 4;
    %delay 10000, 0;
    %vpi_call 2 33 "$display", "input1 = %b input0 = %b | Greater: %b | Smaller: %b | Equal: %b |", v000001d317f11360_0, v000001d317eb4270_0, &PV<v000001d317e830a0_0, 0, 1>, &PV<v000001d317f11ea0_0, 0, 1>, &PV<v000001d317e83000_0, 0, 1> {0 0 0};
    %pushi/vec4 0, 0, 4;
    %store/vec4 v000001d317eb4270_0, 0, 4;
    %pushi/vec4 1, 0, 4;
    %store/vec4 v000001d317f11360_0, 0, 4;
    %delay 10000, 0;
    %vpi_call 2 35 "$display", "input1 = %b input0 = %b | Greater: %b | Smaller: %b | Equal: %b |", v000001d317f11360_0, v000001d317eb4270_0, &PV<v000001d317e830a0_0, 0, 1>, &PV<v000001d317f11ea0_0, 0, 1>, &PV<v000001d317e83000_0, 0, 1> {0 0 0};
    %pushi/vec4 1, 0, 4;
    %store/vec4 v000001d317eb4270_0, 0, 4;
    %pushi/vec4 8, 0, 4;
    %store/vec4 v000001d317f11360_0, 0, 4;
    %delay 10000, 0;
    %vpi_call 2 37 "$display", "input1 = %b input0 = %b | Greater: %b | Smaller: %b | Equal: %b |", v000001d317f11360_0, v000001d317eb4270_0, &PV<v000001d317e830a0_0, 0, 1>, &PV<v000001d317f11ea0_0, 0, 1>, &PV<v000001d317e83000_0, 0, 1> {0 0 0};
    %pushi/vec4 8, 0, 4;
    %store/vec4 v000001d317eb4270_0, 0, 4;
    %pushi/vec4 1, 0, 4;
    %store/vec4 v000001d317f11360_0, 0, 4;
    %delay 10000, 0;
    %vpi_call 2 39 "$display", "input1 = %b input0 = %b | Greater: %b | Smaller: %b | Equal: %b |", v000001d317f11360_0, v000001d317eb4270_0, &PV<v000001d317e830a0_0, 0, 1>, &PV<v000001d317f11ea0_0, 0, 1>, &PV<v000001d317e83000_0, 0, 1> {0 0 0};
    %pushi/vec4 0, 0, 4;
    %store/vec4 v000001d317eb4270_0, 0, 4;
    %pushi/vec4 15, 0, 4;
    %store/vec4 v000001d317f11360_0, 0, 4;
    %delay 10000, 0;
    %vpi_call 2 41 "$display", "input1 = %b input0 = %b | Greater: %b | Smaller: %b | Equal: %b |", v000001d317f11360_0, v000001d317eb4270_0, &PV<v000001d317e830a0_0, 0, 1>, &PV<v000001d317f11ea0_0, 0, 1>, &PV<v000001d317e83000_0, 0, 1> {0 0 0};
    %pushi/vec4 15, 0, 4;
    %store/vec4 v000001d317eb4270_0, 0, 4;
    %pushi/vec4 15, 0, 4;
    %store/vec4 v000001d317f11360_0, 0, 4;
    %delay 10000, 0;
    %vpi_call 2 43 "$display", "input1 = %b input0 = %b | Greater: %b | Smaller: %b | Equal: %b |", v000001d317f11360_0, v000001d317eb4270_0, &PV<v000001d317e830a0_0, 0, 1>, &PV<v000001d317f11ea0_0, 0, 1>, &PV<v000001d317e83000_0, 0, 1> {0 0 0};
    %vpi_call 2 45 "$finish" {0 0 0};
    %end;
    .thread T_0;
# The file index is used to find the file name in the following table.
:file_names 4;
    "N/A";
    "<interactive>";
    "Comparators/tb_Comparator4bit.v";
    "Comparators/Comparator4bit.v";
