#! /c/Source/iverilog-install/bin/vvp
:ivl_version "12.0 (devel)" "(s20150603-1539-g2693dd32b)";
:ivl_delay_selection "TYPICAL";
:vpi_time_precision - 12;
:vpi_module "C:\Users\iverilog\lib\ivl\system.vpi";
:vpi_module "C:\Users\iverilog\lib\ivl\vhdl_sys.vpi";
:vpi_module "C:\Users\iverilog\lib\ivl\vhdl_textio.vpi";
:vpi_module "C:\Users\iverilog\lib\ivl\v2005_math.vpi";
:vpi_module "C:\Users\iverilog\lib\ivl\va_math.vpi";
S_000001be361cbcc0 .scope module, "tb_Decoder3x8" "tb_Decoder3x8" 2 3;
 .timescale -9 -12;
v000001be361cbe50_0 .var "in", 2 0;
v000001be361c8890_0 .net "out", 7 0, v000001be361e3370_0;  1 drivers
S_000001be361c8700 .scope module, "uut" "Decoder3x8" 2 7, 3 1 0, S_000001be361cbcc0;
 .timescale 0 0;
    .port_info 0 /INPUT 3 "in";
    .port_info 1 /OUTPUT 8 "out";
v000001be361e2fe0_0 .net "in", 2 0, v000001be361cbe50_0;  1 drivers
v000001be361e3370_0 .var "out", 7 0;
E_000001be36207a30 .event anyedge, v000001be361e2fe0_0;
    .scope S_000001be361c8700;
T_0 ;
    %wait E_000001be36207a30;
    %pushi/vec4 0, 0, 8;
    %store/vec4 v000001be361e3370_0, 0, 8;
    %pushi/vec4 1, 0, 1;
    %ix/getv 4, v000001be361e2fe0_0;
    %store/vec4 v000001be361e3370_0, 4, 1;
    %jmp T_0;
    .thread T_0, $push;
    .scope S_000001be361cbcc0;
T_1 ;
    %vpi_call 2 13 "$dumpfile", "decoder3x8waveform.vcd" {0 0 0};
    %vpi_call 2 14 "$dumpvars", 32'sb00000000000000000000000000000000, S_000001be361cbcc0 {0 0 0};
    %pushi/vec4 0, 0, 1;
    %ix/load 4, 2, 0;
    %flag_set/imm 4, 0;
    %store/vec4 v000001be361cbe50_0, 4, 1;
    %pushi/vec4 0, 0, 1;
    %ix/load 4, 1, 0;
    %flag_set/imm 4, 0;
    %store/vec4 v000001be361cbe50_0, 4, 1;
    %pushi/vec4 0, 0, 1;
    %ix/load 4, 0, 0;
    %flag_set/imm 4, 0;
    %store/vec4 v000001be361cbe50_0, 4, 1;
    %delay 10000, 0;
    %vpi_call 2 17 "$display", "input = %b | output = %b", v000001be361cbe50_0, v000001be361c8890_0 {0 0 0};
    %pushi/vec4 0, 0, 1;
    %ix/load 4, 2, 0;
    %flag_set/imm 4, 0;
    %store/vec4 v000001be361cbe50_0, 4, 1;
    %pushi/vec4 0, 0, 1;
    %ix/load 4, 1, 0;
    %flag_set/imm 4, 0;
    %store/vec4 v000001be361cbe50_0, 4, 1;
    %pushi/vec4 1, 0, 1;
    %ix/load 4, 0, 0;
    %flag_set/imm 4, 0;
    %store/vec4 v000001be361cbe50_0, 4, 1;
    %delay 10000, 0;
    %vpi_call 2 19 "$display", "input = %b | output = %b", v000001be361cbe50_0, v000001be361c8890_0 {0 0 0};
    %pushi/vec4 0, 0, 1;
    %ix/load 4, 2, 0;
    %flag_set/imm 4, 0;
    %store/vec4 v000001be361cbe50_0, 4, 1;
    %pushi/vec4 1, 0, 1;
    %ix/load 4, 1, 0;
    %flag_set/imm 4, 0;
    %store/vec4 v000001be361cbe50_0, 4, 1;
    %pushi/vec4 0, 0, 1;
    %ix/load 4, 0, 0;
    %flag_set/imm 4, 0;
    %store/vec4 v000001be361cbe50_0, 4, 1;
    %delay 10000, 0;
    %vpi_call 2 21 "$display", "input = %b | output = %b", v000001be361cbe50_0, v000001be361c8890_0 {0 0 0};
    %pushi/vec4 0, 0, 1;
    %ix/load 4, 2, 0;
    %flag_set/imm 4, 0;
    %store/vec4 v000001be361cbe50_0, 4, 1;
    %pushi/vec4 1, 0, 1;
    %ix/load 4, 1, 0;
    %flag_set/imm 4, 0;
    %store/vec4 v000001be361cbe50_0, 4, 1;
    %pushi/vec4 1, 0, 1;
    %ix/load 4, 0, 0;
    %flag_set/imm 4, 0;
    %store/vec4 v000001be361cbe50_0, 4, 1;
    %delay 10000, 0;
    %vpi_call 2 23 "$display", "input = %b | output = %b", v000001be361cbe50_0, v000001be361c8890_0 {0 0 0};
    %pushi/vec4 1, 0, 1;
    %ix/load 4, 2, 0;
    %flag_set/imm 4, 0;
    %store/vec4 v000001be361cbe50_0, 4, 1;
    %pushi/vec4 0, 0, 1;
    %ix/load 4, 1, 0;
    %flag_set/imm 4, 0;
    %store/vec4 v000001be361cbe50_0, 4, 1;
    %pushi/vec4 0, 0, 1;
    %ix/load 4, 0, 0;
    %flag_set/imm 4, 0;
    %store/vec4 v000001be361cbe50_0, 4, 1;
    %delay 10000, 0;
    %vpi_call 2 25 "$display", "input = %b | output = %b", v000001be361cbe50_0, v000001be361c8890_0 {0 0 0};
    %pushi/vec4 1, 0, 1;
    %ix/load 4, 2, 0;
    %flag_set/imm 4, 0;
    %store/vec4 v000001be361cbe50_0, 4, 1;
    %pushi/vec4 0, 0, 1;
    %ix/load 4, 1, 0;
    %flag_set/imm 4, 0;
    %store/vec4 v000001be361cbe50_0, 4, 1;
    %pushi/vec4 1, 0, 1;
    %ix/load 4, 0, 0;
    %flag_set/imm 4, 0;
    %store/vec4 v000001be361cbe50_0, 4, 1;
    %delay 10000, 0;
    %vpi_call 2 27 "$display", "input = %b | output = %b", v000001be361cbe50_0, v000001be361c8890_0 {0 0 0};
    %pushi/vec4 1, 0, 1;
    %ix/load 4, 2, 0;
    %flag_set/imm 4, 0;
    %store/vec4 v000001be361cbe50_0, 4, 1;
    %pushi/vec4 1, 0, 1;
    %ix/load 4, 1, 0;
    %flag_set/imm 4, 0;
    %store/vec4 v000001be361cbe50_0, 4, 1;
    %pushi/vec4 0, 0, 1;
    %ix/load 4, 0, 0;
    %flag_set/imm 4, 0;
    %store/vec4 v000001be361cbe50_0, 4, 1;
    %delay 10000, 0;
    %vpi_call 2 29 "$display", "input = %b | output = %b", v000001be361cbe50_0, v000001be361c8890_0 {0 0 0};
    %pushi/vec4 1, 0, 1;
    %ix/load 4, 2, 0;
    %flag_set/imm 4, 0;
    %store/vec4 v000001be361cbe50_0, 4, 1;
    %pushi/vec4 1, 0, 1;
    %ix/load 4, 1, 0;
    %flag_set/imm 4, 0;
    %store/vec4 v000001be361cbe50_0, 4, 1;
    %pushi/vec4 1, 0, 1;
    %ix/load 4, 0, 0;
    %flag_set/imm 4, 0;
    %store/vec4 v000001be361cbe50_0, 4, 1;
    %delay 10000, 0;
    %vpi_call 2 31 "$display", "input = %b | output = %b", v000001be361cbe50_0, v000001be361c8890_0 {0 0 0};
    %vpi_call 2 32 "$finish" {0 0 0};
    %end;
    .thread T_1;
# The file index is used to find the file name in the following table.
:file_names 4;
    "N/A";
    "<interactive>";
    "EncodersDecoders/tb_Decoder3x8.v";
    "EncodersDecoders/Decoder3x8.v";
