#! /c/Source/iverilog-install/bin/vvp
:ivl_version "12.0 (devel)" "(s20150603-1539-g2693dd32b)";
:ivl_delay_selection "TYPICAL";
:vpi_time_precision - 12;
:vpi_module "C:\Users\iverilog\lib\ivl\system.vpi";
:vpi_module "C:\Users\iverilog\lib\ivl\vhdl_sys.vpi";
:vpi_module "C:\Users\iverilog\lib\ivl\vhdl_textio.vpi";
:vpi_module "C:\Users\iverilog\lib\ivl\v2005_math.vpi";
:vpi_module "C:\Users\iverilog\lib\ivl\va_math.vpi";
S_00000229a51da370 .scope module, "tb_d_ff" "tb_d_ff" 2 3;
 .timescale -9 -12;
v00000229a51db810_0 .var "clk", 0 0;
v00000229a51db8b0_0 .var "d", 0 0;
v00000229a51db950_0 .net "q_out", 0 0, v00000229a51dc670_0;  1 drivers
v00000229a51db9f0_0 .net "qcomp_out", 0 0, L_00000229a5229fb0;  1 drivers
v00000229a51dba90_0 .var "reset", 0 0;
v00000229a51dbb30_0 .var "set", 0 0;
S_00000229a51dc440 .scope module, "uut" "async_dff" 2 11, 3 5 0, S_00000229a51da370;
 .timescale 0 0;
    .port_info 0 /INPUT 1 "d";
    .port_info 1 /INPUT 1 "reset";
    .port_info 2 /INPUT 1 "clk";
    .port_info 3 /INPUT 1 "set";
    .port_info 4 /OUTPUT 1 "q_out";
    .port_info 5 /OUTPUT 1 "qcomp_out";
L_00000229a5229fb0 .functor NOT 1, v00000229a51dc670_0, C4<0>, C4<0>, C4<0>;
v00000229a51dc5d0_0 .net "clk", 0 0, v00000229a51db810_0;  1 drivers
v00000229a51f30e0_0 .net "d", 0 0, v00000229a51db8b0_0;  1 drivers
v00000229a51dc670_0 .var "q_out", 0 0;
v00000229a51dc710_0 .net "qcomp_out", 0 0, L_00000229a5229fb0;  alias, 1 drivers
v00000229a51dc7b0_0 .net "reset", 0 0, v00000229a51dba90_0;  1 drivers
v00000229a51db770_0 .net "set", 0 0, v00000229a51dbb30_0;  1 drivers
E_00000229a522a890 .event posedge, v00000229a51db770_0, v00000229a51dc7b0_0, v00000229a51dc5d0_0;
    .scope S_00000229a51dc440;
T_0 ;
    %pushi/vec4 0, 0, 1;
    %store/vec4 v00000229a51dc670_0, 0, 1;
    %end;
    .thread T_0;
    .scope S_00000229a51dc440;
T_1 ;
    %wait E_00000229a522a890;
    %load/vec4 v00000229a51dc7b0_0;
    %flag_set/vec4 8;
    %jmp/0xz  T_1.0, 8;
    %pushi/vec4 0, 0, 1;
    %assign/vec4 v00000229a51dc670_0, 0;
    %jmp T_1.1;
T_1.0 ;
    %load/vec4 v00000229a51db770_0;
    %flag_set/vec4 8;
    %jmp/0xz  T_1.2, 8;
    %pushi/vec4 1, 0, 1;
    %assign/vec4 v00000229a51dc670_0, 0;
    %jmp T_1.3;
T_1.2 ;
    %load/vec4 v00000229a51f30e0_0;
    %assign/vec4 v00000229a51dc670_0, 0;
T_1.3 ;
T_1.1 ;
    %jmp T_1;
    .thread T_1;
    .scope S_00000229a51da370;
T_2 ;
    %pushi/vec4 0, 0, 1;
    %store/vec4 v00000229a51dba90_0, 0, 1;
    %pushi/vec4 0, 0, 1;
    %store/vec4 v00000229a51dbb30_0, 0, 1;
    %pushi/vec4 0, 0, 1;
    %store/vec4 v00000229a51db8b0_0, 0, 1;
    %delay 1000, 0;
    %end;
    .thread T_2;
    .scope S_00000229a51da370;
T_3 ;
    %delay 5000, 0;
    %load/vec4 v00000229a51db810_0;
    %inv;
    %store/vec4 v00000229a51db810_0, 0, 1;
    %jmp T_3;
    .thread T_3;
    .scope S_00000229a51da370;
T_4 ;
    %vpi_call 2 27 "$dumpfile", "dffwaveform.vcd" {0 0 0};
    %vpi_call 2 28 "$dumpvars", 32'sb00000000000000000000000000000000, S_00000229a51da370 {0 0 0};
    %pushi/vec4 0, 0, 1;
    %store/vec4 v00000229a51db810_0, 0, 1;
    %pushi/vec4 0, 0, 1;
    %store/vec4 v00000229a51dba90_0, 0, 1;
    %pushi/vec4 0, 0, 1;
    %store/vec4 v00000229a51dbb30_0, 0, 1;
    %pushi/vec4 1, 0, 1;
    %store/vec4 v00000229a51db8b0_0, 0, 1;
    %delay 50000, 0;
    %pushi/vec4 1, 0, 1;
    %store/vec4 v00000229a51dba90_0, 0, 1;
    %delay 50000, 0;
    %pushi/vec4 0, 0, 1;
    %store/vec4 v00000229a51dba90_0, 0, 1;
    %delay 50000, 0;
    %pushi/vec4 1, 0, 1;
    %store/vec4 v00000229a51dbb30_0, 0, 1;
    %delay 50000, 0;
    %pushi/vec4 0, 0, 1;
    %store/vec4 v00000229a51dbb30_0, 0, 1;
    %delay 50000, 0;
    %pushi/vec4 1, 0, 1;
    %store/vec4 v00000229a51db8b0_0, 0, 1;
    %delay 1000, 0;
    %pushi/vec4 0, 0, 1;
    %store/vec4 v00000229a51db8b0_0, 0, 1;
    %delay 1000, 0;
    %pushi/vec4 1, 0, 1;
    %store/vec4 v00000229a51dbb30_0, 0, 1;
    %pushi/vec4 1, 0, 1;
    %store/vec4 v00000229a51dba90_0, 0, 1;
    %delay 50000, 0;
    %pushi/vec4 0, 0, 1;
    %store/vec4 v00000229a51dbb30_0, 0, 1;
    %pushi/vec4 0, 0, 1;
    %store/vec4 v00000229a51dba90_0, 0, 1;
    %delay 50000, 0;
    %vpi_call 2 46 "$finish" {0 0 0};
    %end;
    .thread T_4;
# The file index is used to find the file name in the following table.
:file_names 4;
    "N/A";
    "<interactive>";
    "FlipFlops/tb_d_ff.v";
    "FlipFlops/async_dff.v";
