#! /c/Source/iverilog-install/bin/vvp
:ivl_version "12.0 (devel)" "(s20150603-1539-g2693dd32b)";
:ivl_delay_selection "TYPICAL";
:vpi_time_precision - 12;
:vpi_module "C:\Users\iverilog\lib\ivl\system.vpi";
:vpi_module "C:\Users\iverilog\lib\ivl\vhdl_sys.vpi";
:vpi_module "C:\Users\iverilog\lib\ivl\vhdl_textio.vpi";
:vpi_module "C:\Users\iverilog\lib\ivl\v2005_math.vpi";
:vpi_module "C:\Users\iverilog\lib\ivl\va_math.vpi";
S_000001bc3f0cbbd0 .scope module, "tb_fullsubtractor" "tb_fullsubtractor" 2 3;
 .timescale -9 -12;
v000001bc3f004bc0_0 .var "bin", 0 0;
v000001bc3f004940_0 .net "bout", 0 0, L_000001bc3f0ca720;  1 drivers
v000001bc3f004620_0 .var "in0", 0 0;
v000001bc3f0049e0_0 .var "in1", 0 0;
v000001bc3f004e40_0 .net "sub", 0 0, L_000001bc3f0ca560;  1 drivers
S_000001bc3eff6a60 .scope module, "uut" "fullsubtractor" 2 11, 3 1 0, S_000001bc3f0cbbd0;
 .timescale 0 0;
    .port_info 0 /INPUT 1 "in0";
    .port_info 1 /INPUT 1 "in1";
    .port_info 2 /INPUT 1 "bin";
    .port_info 3 /OUTPUT 1 "sub";
    .port_info 4 /OUTPUT 1 "bout";
L_000001bc3f0ca330 .functor XOR 1, v000001bc3f004620_0, v000001bc3f0049e0_0, C4<0>, C4<0>;
L_000001bc3f0ca560 .functor XOR 1, L_000001bc3f0ca330, v000001bc3f004bc0_0, C4<0>, C4<0>;
L_000001bc3f0ca100 .functor NOT 1, v000001bc3f004620_0, C4<0>, C4<0>, C4<0>;
L_000001bc3f0ca250 .functor AND 1, L_000001bc3f0ca100, v000001bc3f0049e0_0, C4<1>, C4<1>;
L_000001bc3f0ca640 .functor AND 1, v000001bc3f0049e0_0, v000001bc3f004bc0_0, C4<1>, C4<1>;
L_000001bc3f0ca2c0 .functor OR 1, L_000001bc3f0ca250, L_000001bc3f0ca640, C4<0>, C4<0>;
L_000001bc3f0ca410 .functor NOT 1, v000001bc3f004620_0, C4<0>, C4<0>, C4<0>;
L_000001bc3f0ca6b0 .functor AND 1, L_000001bc3f0ca410, v000001bc3f004bc0_0, C4<1>, C4<1>;
L_000001bc3f0ca720 .functor OR 1, L_000001bc3f0ca2c0, L_000001bc3f0ca6b0, C4<0>, C4<0>;
v000001bc3eff6bf0_0 .net *"_ivl_0", 0 0, L_000001bc3f0ca330;  1 drivers
v000001bc3eff6c90_0 .net *"_ivl_10", 0 0, L_000001bc3f0ca2c0;  1 drivers
v000001bc3eff4fa0_0 .net *"_ivl_12", 0 0, L_000001bc3f0ca410;  1 drivers
v000001bc3eff5040_0 .net *"_ivl_14", 0 0, L_000001bc3f0ca6b0;  1 drivers
v000001bc3eff50e0_0 .net *"_ivl_4", 0 0, L_000001bc3f0ca100;  1 drivers
v000001bc3eff5180_0 .net *"_ivl_6", 0 0, L_000001bc3f0ca250;  1 drivers
v000001bc3eff5220_0 .net *"_ivl_8", 0 0, L_000001bc3f0ca640;  1 drivers
v000001bc3efd2ce0_0 .net "bin", 0 0, v000001bc3f004bc0_0;  1 drivers
v000001bc3f004580_0 .net "bout", 0 0, L_000001bc3f0ca720;  alias, 1 drivers
v000001bc3f004080_0 .net "in0", 0 0, v000001bc3f004620_0;  1 drivers
v000001bc3f004b20_0 .net "in1", 0 0, v000001bc3f0049e0_0;  1 drivers
v000001bc3f003f40_0 .net "sub", 0 0, L_000001bc3f0ca560;  alias, 1 drivers
    .scope S_000001bc3f0cbbd0;
T_0 ;
    %vpi_call 2 20 "$dumpfile", "fullsubtractorwaveform.vcd" {0 0 0};
    %vpi_call 2 21 "$dumpvars", 32'sb00000000000000000000000000000000, S_000001bc3f0cbbd0 {0 0 0};
    %pushi/vec4 0, 0, 1;
    %store/vec4 v000001bc3f004620_0, 0, 1;
    %pushi/vec4 0, 0, 1;
    %store/vec4 v000001bc3f0049e0_0, 0, 1;
    %pushi/vec4 0, 0, 1;
    %store/vec4 v000001bc3f004bc0_0, 0, 1;
    %delay 10000, 0;
    %vpi_call 2 24 "$display", "input 1 = %b input 2 = %b bin = %b | sub = %b | bout = %b", v000001bc3f004620_0, v000001bc3f0049e0_0, v000001bc3f004bc0_0, v000001bc3f004e40_0, v000001bc3f004940_0 {0 0 0};
    %pushi/vec4 0, 0, 1;
    %store/vec4 v000001bc3f004620_0, 0, 1;
    %pushi/vec4 0, 0, 1;
    %store/vec4 v000001bc3f0049e0_0, 0, 1;
    %pushi/vec4 1, 0, 1;
    %store/vec4 v000001bc3f004bc0_0, 0, 1;
    %delay 10000, 0;
    %vpi_call 2 26 "$display", "input 1 = %b input 2 = %b bin = %b | sub = %b | bout = %b", v000001bc3f004620_0, v000001bc3f0049e0_0, v000001bc3f004bc0_0, v000001bc3f004e40_0, v000001bc3f004940_0 {0 0 0};
    %pushi/vec4 0, 0, 1;
    %store/vec4 v000001bc3f004620_0, 0, 1;
    %pushi/vec4 1, 0, 1;
    %store/vec4 v000001bc3f0049e0_0, 0, 1;
    %pushi/vec4 0, 0, 1;
    %store/vec4 v000001bc3f004bc0_0, 0, 1;
    %delay 10000, 0;
    %vpi_call 2 28 "$display", "input 1 = %b input 2 = %b bin = %b | sub = %b | bout = %b", v000001bc3f004620_0, v000001bc3f0049e0_0, v000001bc3f004bc0_0, v000001bc3f004e40_0, v000001bc3f004940_0 {0 0 0};
    %pushi/vec4 0, 0, 1;
    %store/vec4 v000001bc3f004620_0, 0, 1;
    %pushi/vec4 1, 0, 1;
    %store/vec4 v000001bc3f0049e0_0, 0, 1;
    %pushi/vec4 1, 0, 1;
    %store/vec4 v000001bc3f004bc0_0, 0, 1;
    %delay 10000, 0;
    %vpi_call 2 30 "$display", "input 1 = %b input 2 = %b bin = %b | sub = %b | bout = %b", v000001bc3f004620_0, v000001bc3f0049e0_0, v000001bc3f004bc0_0, v000001bc3f004e40_0, v000001bc3f004940_0 {0 0 0};
    %pushi/vec4 1, 0, 1;
    %store/vec4 v000001bc3f004620_0, 0, 1;
    %pushi/vec4 0, 0, 1;
    %store/vec4 v000001bc3f0049e0_0, 0, 1;
    %pushi/vec4 0, 0, 1;
    %store/vec4 v000001bc3f004bc0_0, 0, 1;
    %delay 10000, 0;
    %vpi_call 2 32 "$display", "input 1 = %b input 2 = %b bin = %b | sub = %b | bout = %b", v000001bc3f004620_0, v000001bc3f0049e0_0, v000001bc3f004bc0_0, v000001bc3f004e40_0, v000001bc3f004940_0 {0 0 0};
    %pushi/vec4 1, 0, 1;
    %store/vec4 v000001bc3f004620_0, 0, 1;
    %pushi/vec4 0, 0, 1;
    %store/vec4 v000001bc3f0049e0_0, 0, 1;
    %pushi/vec4 1, 0, 1;
    %store/vec4 v000001bc3f004bc0_0, 0, 1;
    %delay 10000, 0;
    %vpi_call 2 34 "$display", "input 1 = %b input 2 = %b bin = %b | sub = %b | bout = %b", v000001bc3f004620_0, v000001bc3f0049e0_0, v000001bc3f004bc0_0, v000001bc3f004e40_0, v000001bc3f004940_0 {0 0 0};
    %pushi/vec4 1, 0, 1;
    %store/vec4 v000001bc3f004620_0, 0, 1;
    %pushi/vec4 1, 0, 1;
    %store/vec4 v000001bc3f0049e0_0, 0, 1;
    %pushi/vec4 0, 0, 1;
    %store/vec4 v000001bc3f004bc0_0, 0, 1;
    %delay 10000, 0;
    %vpi_call 2 36 "$display", "input 1 = %b input 2 = %b bin = %b | sub = %b | bout = %b", v000001bc3f004620_0, v000001bc3f0049e0_0, v000001bc3f004bc0_0, v000001bc3f004e40_0, v000001bc3f004940_0 {0 0 0};
    %pushi/vec4 1, 0, 1;
    %store/vec4 v000001bc3f004620_0, 0, 1;
    %pushi/vec4 1, 0, 1;
    %store/vec4 v000001bc3f0049e0_0, 0, 1;
    %pushi/vec4 1, 0, 1;
    %store/vec4 v000001bc3f004bc0_0, 0, 1;
    %delay 10000, 0;
    %vpi_call 2 38 "$display", "input 1 = %b input 2 = %b bin = %b | sub = %b | bout = %b", v000001bc3f004620_0, v000001bc3f0049e0_0, v000001bc3f004bc0_0, v000001bc3f004e40_0, v000001bc3f004940_0 {0 0 0};
    %vpi_call 2 40 "$finish" {0 0 0};
    %end;
    .thread T_0;
# The file index is used to find the file name in the following table.
:file_names 4;
    "N/A";
    "<interactive>";
    "RCA/tb_fullsubtractor.v";
    "RCA/fullsubtractor.v";
