#! /c/Source/iverilog-install/bin/vvp
:ivl_version "12.0 (devel)" "(s20150603-1539-g2693dd32b)";
:ivl_delay_selection "TYPICAL";
:vpi_time_precision - 12;
:vpi_module "C:\Users\iverilog\lib\ivl\system.vpi";
:vpi_module "C:\Users\iverilog\lib\ivl\vhdl_sys.vpi";
:vpi_module "C:\Users\iverilog\lib\ivl\vhdl_textio.vpi";
:vpi_module "C:\Users\iverilog\lib\ivl\v2005_math.vpi";
:vpi_module "C:\Users\iverilog\lib\ivl\va_math.vpi";
S_000001572f685e00 .scope module, "tb_halfadder" "tb_halfadder" 2 3;
 .timescale -9 -12;
v000001572f6da350_0 .var "cin", 0 0;
v000001572f6da7b0_0 .net "cout", 0 0, L_000001572f6762b0;  1 drivers
v000001572f6d9a90_0 .var "in0", 0 0;
v000001572f6da490_0 .var "in1", 0 0;
v000001572f6d98b0_0 .net "sum", 0 0, L_000001572f6768d0;  1 drivers
S_000001572f685f90 .scope module, "uut" "halfadder" 2 8, 3 1 0, S_000001572f685e00;
 .timescale 0 0;
    .port_info 0 /INPUT 1 "in0";
    .port_info 1 /INPUT 1 "in1";
    .port_info 2 /INPUT 1 "cin";
    .port_info 3 /OUTPUT 1 "sum";
    .port_info 4 /OUTPUT 1 "cout";
L_000001572f676940 .functor XOR 1, v000001572f6d9a90_0, v000001572f6da490_0, C4<0>, C4<0>;
L_000001572f6768d0 .functor XOR 1, L_000001572f676940, v000001572f6da350_0, C4<0>, C4<0>;
L_000001572f6767f0 .functor AND 1, v000001572f6d9a90_0, v000001572f6da490_0, C4<1>, C4<1>;
L_000001572f676780 .functor AND 1, v000001572f6d9a90_0, v000001572f6da350_0, C4<1>, C4<1>;
L_000001572f6769b0 .functor OR 1, L_000001572f6767f0, L_000001572f676780, C4<0>, C4<0>;
L_000001572f6765c0 .functor AND 1, v000001572f6da490_0, v000001572f6da350_0, C4<1>, C4<1>;
L_000001572f6762b0 .functor OR 1, L_000001572f6769b0, L_000001572f6765c0, C4<0>, C4<0>;
v000001572f7bbce0_0 .net *"_ivl_0", 0 0, L_000001572f676940;  1 drivers
v000001572f6530e0_0 .net *"_ivl_10", 0 0, L_000001572f6765c0;  1 drivers
v000001572f686120_0 .net *"_ivl_4", 0 0, L_000001572f6767f0;  1 drivers
v000001572f6861c0_0 .net *"_ivl_6", 0 0, L_000001572f676780;  1 drivers
v000001572f676e70_0 .net *"_ivl_8", 0 0, L_000001572f6769b0;  1 drivers
v000001572f676f10_0 .net "cin", 0 0, v000001572f6da350_0;  1 drivers
v000001572f676fb0_0 .net "cout", 0 0, L_000001572f6762b0;  alias, 1 drivers
v000001572f677050_0 .net "in0", 0 0, v000001572f6d9a90_0;  1 drivers
v000001572f6770f0_0 .net "in1", 0 0, v000001572f6da490_0;  1 drivers
v000001572f67bce0_0 .net "sum", 0 0, L_000001572f6768d0;  alias, 1 drivers
    .scope S_000001572f685e00;
T_0 ;
    %vpi_call 2 17 "$dumpfile", "halfadderwaveform.vcd" {0 0 0};
    %vpi_call 2 18 "$dumpvars", 32'sb00000000000000000000000000000000, S_000001572f685e00 {0 0 0};
    %pushi/vec4 0, 0, 1;
    %store/vec4 v000001572f6d9a90_0, 0, 1;
    %pushi/vec4 0, 0, 1;
    %store/vec4 v000001572f6da490_0, 0, 1;
    %pushi/vec4 0, 0, 1;
    %store/vec4 v000001572f6da350_0, 0, 1;
    %delay 10000, 0;
    %vpi_call 2 21 "$display", "cin = %b input 1 = %b input 2 = %b | sum = %b | cout = %b", v000001572f6da350_0, v000001572f6d9a90_0, v000001572f6da490_0, v000001572f6d98b0_0, v000001572f6da7b0_0 {0 0 0};
    %pushi/vec4 0, 0, 1;
    %store/vec4 v000001572f6d9a90_0, 0, 1;
    %pushi/vec4 0, 0, 1;
    %store/vec4 v000001572f6da490_0, 0, 1;
    %pushi/vec4 1, 0, 1;
    %store/vec4 v000001572f6da350_0, 0, 1;
    %delay 10000, 0;
    %vpi_call 2 23 "$display", "cin = %b input 1 = %b input 2 = %b | sum = %b | cout = %b", v000001572f6da350_0, v000001572f6d9a90_0, v000001572f6da490_0, v000001572f6d98b0_0, v000001572f6da7b0_0 {0 0 0};
    %pushi/vec4 0, 0, 1;
    %store/vec4 v000001572f6d9a90_0, 0, 1;
    %pushi/vec4 1, 0, 1;
    %store/vec4 v000001572f6da490_0, 0, 1;
    %pushi/vec4 0, 0, 1;
    %store/vec4 v000001572f6da350_0, 0, 1;
    %delay 10000, 0;
    %vpi_call 2 25 "$display", "cin = %b input 1 = %b input 2 = %b | sum = %b | cout = %b", v000001572f6da350_0, v000001572f6d9a90_0, v000001572f6da490_0, v000001572f6d98b0_0, v000001572f6da7b0_0 {0 0 0};
    %pushi/vec4 0, 0, 1;
    %store/vec4 v000001572f6d9a90_0, 0, 1;
    %pushi/vec4 1, 0, 1;
    %store/vec4 v000001572f6da490_0, 0, 1;
    %pushi/vec4 1, 0, 1;
    %store/vec4 v000001572f6da350_0, 0, 1;
    %delay 10000, 0;
    %vpi_call 2 27 "$display", "cin = %b input 1 = %b input 2 = %b | sum = %b | cout = %b", v000001572f6da350_0, v000001572f6d9a90_0, v000001572f6da490_0, v000001572f6d98b0_0, v000001572f6da7b0_0 {0 0 0};
    %pushi/vec4 1, 0, 1;
    %store/vec4 v000001572f6d9a90_0, 0, 1;
    %pushi/vec4 0, 0, 1;
    %store/vec4 v000001572f6da490_0, 0, 1;
    %pushi/vec4 0, 0, 1;
    %store/vec4 v000001572f6da350_0, 0, 1;
    %delay 10000, 0;
    %vpi_call 2 29 "$display", "cin = %b input 1 = %b input 2 = %b | sum = %b | cout = %b", v000001572f6da350_0, v000001572f6d9a90_0, v000001572f6da490_0, v000001572f6d98b0_0, v000001572f6da7b0_0 {0 0 0};
    %pushi/vec4 1, 0, 1;
    %store/vec4 v000001572f6d9a90_0, 0, 1;
    %pushi/vec4 0, 0, 1;
    %store/vec4 v000001572f6da490_0, 0, 1;
    %pushi/vec4 1, 0, 1;
    %store/vec4 v000001572f6da350_0, 0, 1;
    %delay 10000, 0;
    %vpi_call 2 31 "$display", "cin = %b input 1 = %b input 2 = %b | sum = %b | cout = %b", v000001572f6da350_0, v000001572f6d9a90_0, v000001572f6da490_0, v000001572f6d98b0_0, v000001572f6da7b0_0 {0 0 0};
    %pushi/vec4 1, 0, 1;
    %store/vec4 v000001572f6d9a90_0, 0, 1;
    %pushi/vec4 1, 0, 1;
    %store/vec4 v000001572f6da490_0, 0, 1;
    %pushi/vec4 0, 0, 1;
    %store/vec4 v000001572f6da350_0, 0, 1;
    %delay 10000, 0;
    %vpi_call 2 33 "$display", "cin = %b input 1 = %b input 2 = %b | sum = %b | cout = %b", v000001572f6da350_0, v000001572f6d9a90_0, v000001572f6da490_0, v000001572f6d98b0_0, v000001572f6da7b0_0 {0 0 0};
    %pushi/vec4 1, 0, 1;
    %store/vec4 v000001572f6d9a90_0, 0, 1;
    %pushi/vec4 1, 0, 1;
    %store/vec4 v000001572f6da490_0, 0, 1;
    %pushi/vec4 1, 0, 1;
    %store/vec4 v000001572f6da350_0, 0, 1;
    %delay 10000, 0;
    %vpi_call 2 35 "$display", "cin = %b input 1 = %b input 2 = %b | sum = %b | cout = %b", v000001572f6da350_0, v000001572f6d9a90_0, v000001572f6da490_0, v000001572f6d98b0_0, v000001572f6da7b0_0 {0 0 0};
    %vpi_call 2 37 "$finish" {0 0 0};
    %end;
    .thread T_0;
# The file index is used to find the file name in the following table.
:file_names 4;
    "N/A";
    "<interactive>";
    "RCA/tb_halfadder.v";
    "RCA/halfadder.v";
