#! /c/Source/iverilog-install/bin/vvp
:ivl_version "12.0 (devel)" "(s20150603-1539-g2693dd32b)";
:ivl_delay_selection "TYPICAL";
:vpi_time_precision - 12;
:vpi_module "C:\Users\iverilog\lib\ivl\system.vpi";
:vpi_module "C:\Users\iverilog\lib\ivl\vhdl_sys.vpi";
:vpi_module "C:\Users\iverilog\lib\ivl\vhdl_textio.vpi";
:vpi_module "C:\Users\iverilog\lib\ivl\v2005_math.vpi";
:vpi_module "C:\Users\iverilog\lib\ivl\va_math.vpi";
S_00000253413a3810 .scope module, "tb_RippleCarry8bit" "tb_RippleCarry8bit" 2 3;
 .timescale -9 -12;
v00000253413fe720_0 .var "a", 7 0;
v00000253413fdbe0_0 .var "b", 7 0;
v00000253413fdc80_0 .var "cin", 0 0;
v00000253413fd1e0_0 .net "cout", 0 0, L_0000025341400650;  1 drivers
v00000253413fe040_0 .net "sum", 7 0, L_0000025341401030;  1 drivers
S_00000253413a39a0 .scope module, "uut" "RippleCarry8bit" 2 10, 3 1 0, S_00000253413a3810;
 .timescale 0 0;
    .port_info 0 /INPUT 8 "a";
    .port_info 1 /INPUT 8 "b";
    .port_info 2 /INPUT 1 "cin";
    .port_info 3 /OUTPUT 8 "sum";
    .port_info 4 /OUTPUT 1 "cout";
v00000253413fdaa0_0 .net "a", 7 0, v00000253413fe720_0;  1 drivers
v00000253413fe5e0_0 .net "b", 7 0, v00000253413fdbe0_0;  1 drivers
v00000253413fd140_0 .net "cin", 0 0, v00000253413fdc80_0;  1 drivers
v00000253413fd5a0_0 .net "connect", 0 0, L_0000025341400340;  1 drivers
v00000253413fdb40_0 .net "cout", 0 0, L_0000025341400650;  alias, 1 drivers
v00000253413fd280_0 .net "sum", 7 0, L_0000025341401030;  alias, 1 drivers
L_0000025341402390 .part v00000253413fe720_0, 0, 4;
L_0000025341400f90 .part v00000253413fdbe0_0, 0, 4;
L_0000025341402570 .part v00000253413fe720_0, 4, 4;
L_0000025341401a30 .part v00000253413fdbe0_0, 4, 4;
L_0000025341401030 .concat8 [ 4 4 0 0], L_0000025341402bb0, L_00000253414018f0;
S_000002534138aeb0 .scope module, "instance1" "Adder4bit" 3 11, 3 15 0, S_00000253413a39a0;
 .timescale 0 0;
    .port_info 0 /INPUT 4 "a";
    .port_info 1 /INPUT 4 "b";
    .port_info 2 /INPUT 1 "cin";
    .port_info 3 /OUTPUT 4 "sum";
    .port_info 4 /OUTPUT 1 "cout";
v00000253413fb450_0 .net "a", 3 0, L_0000025341402390;  1 drivers
v00000253413fb630_0 .net "b", 3 0, L_0000025341400f90;  1 drivers
v00000253413fbf90_0 .net "cin", 0 0, v00000253413fdc80_0;  alias, 1 drivers
v00000253413faff0_0 .net "connect1", 0 0, L_000002534139d2d0;  1 drivers
v00000253413fb6d0_0 .net "connect2", 0 0, L_000002534139dab0;  1 drivers
v00000253413fae10_0 .net "connect3", 0 0, L_000002534139d9d0;  1 drivers
v00000253413fbd10_0 .net "cout", 0 0, L_0000025341400340;  alias, 1 drivers
v00000253413fb770_0 .net "sum", 3 0, L_0000025341402bb0;  1 drivers
L_00000253413fe860 .part L_0000025341402390, 0, 1;
L_00000253413fe900 .part L_0000025341400f90, 0, 1;
L_00000253413fdf00 .part L_0000025341402390, 1, 1;
L_00000253413fea40 .part L_0000025341400f90, 1, 1;
L_00000253413fe180 .part L_0000025341402390, 2, 1;
L_00000253413fe400 .part L_0000025341400f90, 2, 1;
L_00000253413fcba0 .part L_0000025341402390, 3, 1;
L_00000253413fcf60 .part L_0000025341400f90, 3, 1;
L_0000025341402bb0 .concat8 [ 1 1 1 1], L_000002534139d490, L_000002534139db90, L_000002534139de30, L_000002534139dd50;
S_000002534138b040 .scope module, "instance1" "Adder1bit" 3 27, 3 34 0, S_000002534138aeb0;
 .timescale 0 0;
    .port_info 0 /INPUT 1 "a";
    .port_info 1 /INPUT 1 "b";
    .port_info 2 /INPUT 1 "cin";
    .port_info 3 /OUTPUT 1 "sum";
    .port_info 4 /OUTPUT 1 "cout";
L_000002534139da40 .functor XOR 1, L_00000253413fe860, L_00000253413fe900, C4<0>, C4<0>;
L_000002534139d490 .functor XOR 1, L_000002534139da40, v00000253413fdc80_0, C4<0>, C4<0>;
L_000002534139d1f0 .functor AND 1, L_00000253413fe860, L_00000253413fe900, C4<1>, C4<1>;
L_000002534139d180 .functor AND 1, L_00000253413fe860, v00000253413fdc80_0, C4<1>, C4<1>;
L_000002534139d260 .functor OR 1, L_000002534139d1f0, L_000002534139d180, C4<0>, C4<0>;
L_000002534139d500 .functor AND 1, L_00000253413fe900, v00000253413fdc80_0, C4<1>, C4<1>;
L_000002534139d2d0 .functor OR 1, L_000002534139d260, L_000002534139d500, C4<0>, C4<0>;
v00000253413978e0_0 .net *"_ivl_0", 0 0, L_000002534139da40;  1 drivers
v00000253413966c0_0 .net *"_ivl_10", 0 0, L_000002534139d500;  1 drivers
v0000025341397a20_0 .net *"_ivl_4", 0 0, L_000002534139d1f0;  1 drivers
v0000025341397ac0_0 .net *"_ivl_6", 0 0, L_000002534139d180;  1 drivers
v0000025341397b60_0 .net *"_ivl_8", 0 0, L_000002534139d260;  1 drivers
v0000025341397c00_0 .net "a", 0 0, L_00000253413fe860;  1 drivers
v0000025341397d40_0 .net "b", 0 0, L_00000253413fe900;  1 drivers
v0000025341395fe0_0 .net "cin", 0 0, v00000253413fdc80_0;  alias, 1 drivers
v0000025341396760_0 .net "cout", 0 0, L_000002534139d2d0;  alias, 1 drivers
v0000025341396120_0 .net "sum", 0 0, L_000002534139d490;  1 drivers
S_0000025341352830 .scope module, "instance2" "Adder1bit" 3 28, 3 34 0, S_000002534138aeb0;
 .timescale 0 0;
    .port_info 0 /INPUT 1 "a";
    .port_info 1 /INPUT 1 "b";
    .port_info 2 /INPUT 1 "cin";
    .port_info 3 /OUTPUT 1 "sum";
    .port_info 4 /OUTPUT 1 "cout";
L_000002534139d7a0 .functor XOR 1, L_00000253413fdf00, L_00000253413fea40, C4<0>, C4<0>;
L_000002534139db90 .functor XOR 1, L_000002534139d7a0, L_000002534139d2d0, C4<0>, C4<0>;
L_000002534139d650 .functor AND 1, L_00000253413fdf00, L_00000253413fea40, C4<1>, C4<1>;
L_000002534139d810 .functor AND 1, L_00000253413fdf00, L_000002534139d2d0, C4<1>, C4<1>;
L_000002534139d340 .functor OR 1, L_000002534139d650, L_000002534139d810, C4<0>, C4<0>;
L_000002534139d880 .functor AND 1, L_00000253413fea40, L_000002534139d2d0, C4<1>, C4<1>;
L_000002534139dab0 .functor OR 1, L_000002534139d340, L_000002534139d880, C4<0>, C4<0>;
v00000253413961c0_0 .net *"_ivl_0", 0 0, L_000002534139d7a0;  1 drivers
v0000025341396260_0 .net *"_ivl_10", 0 0, L_000002534139d880;  1 drivers
v00000253413963a0_0 .net *"_ivl_4", 0 0, L_000002534139d650;  1 drivers
v00000253413964e0_0 .net *"_ivl_6", 0 0, L_000002534139d810;  1 drivers
v000002534137fbb0_0 .net *"_ivl_8", 0 0, L_000002534139d340;  1 drivers
v00000253413fb4f0_0 .net "a", 0 0, L_00000253413fdf00;  1 drivers
v00000253413fbbd0_0 .net "b", 0 0, L_00000253413fea40;  1 drivers
v00000253413faaf0_0 .net "cin", 0 0, L_000002534139d2d0;  alias, 1 drivers
v00000253413fbb30_0 .net "cout", 0 0, L_000002534139dab0;  alias, 1 drivers
v00000253413fb130_0 .net "sum", 0 0, L_000002534139db90;  1 drivers
S_00000253413529c0 .scope module, "instance3" "Adder1bit" 3 29, 3 34 0, S_000002534138aeb0;
 .timescale 0 0;
    .port_info 0 /INPUT 1 "a";
    .port_info 1 /INPUT 1 "b";
    .port_info 2 /INPUT 1 "cin";
    .port_info 3 /OUTPUT 1 "sum";
    .port_info 4 /OUTPUT 1 "cout";
L_000002534139d3b0 .functor XOR 1, L_00000253413fe180, L_00000253413fe400, C4<0>, C4<0>;
L_000002534139de30 .functor XOR 1, L_000002534139d3b0, L_000002534139dab0, C4<0>, C4<0>;
L_000002534139d570 .functor AND 1, L_00000253413fe180, L_00000253413fe400, C4<1>, C4<1>;
L_000002534139d8f0 .functor AND 1, L_00000253413fe180, L_000002534139dab0, C4<1>, C4<1>;
L_000002534139dc70 .functor OR 1, L_000002534139d570, L_000002534139d8f0, C4<0>, C4<0>;
L_000002534139d960 .functor AND 1, L_00000253413fe400, L_000002534139dab0, C4<1>, C4<1>;
L_000002534139d9d0 .functor OR 1, L_000002534139dc70, L_000002534139d960, C4<0>, C4<0>;
v00000253413fb3b0_0 .net *"_ivl_0", 0 0, L_000002534139d3b0;  1 drivers
v00000253413fb090_0 .net *"_ivl_10", 0 0, L_000002534139d960;  1 drivers
v00000253413faeb0_0 .net *"_ivl_4", 0 0, L_000002534139d570;  1 drivers
v00000253413fa7d0_0 .net *"_ivl_6", 0 0, L_000002534139d8f0;  1 drivers
v00000253413fc3f0_0 .net *"_ivl_8", 0 0, L_000002534139dc70;  1 drivers
v00000253413fb270_0 .net "a", 0 0, L_00000253413fe180;  1 drivers
v00000253413faf50_0 .net "b", 0 0, L_00000253413fe400;  1 drivers
v00000253413facd0_0 .net "cin", 0 0, L_000002534139dab0;  alias, 1 drivers
v00000253413fb310_0 .net "cout", 0 0, L_000002534139d9d0;  alias, 1 drivers
v00000253413fa5f0_0 .net "sum", 0 0, L_000002534139de30;  1 drivers
S_00000253413fc510 .scope module, "instance4" "Adder1bit" 3 30, 3 34 0, S_000002534138aeb0;
 .timescale 0 0;
    .port_info 0 /INPUT 1 "a";
    .port_info 1 /INPUT 1 "b";
    .port_info 2 /INPUT 1 "cin";
    .port_info 3 /OUTPUT 1 "sum";
    .port_info 4 /OUTPUT 1 "cout";
L_000002534139dce0 .functor XOR 1, L_00000253413fcba0, L_00000253413fcf60, C4<0>, C4<0>;
L_000002534139dd50 .functor XOR 1, L_000002534139dce0, L_000002534139d9d0, C4<0>, C4<0>;
L_000002534139ddc0 .functor AND 1, L_00000253413fcba0, L_00000253413fcf60, C4<1>, C4<1>;
L_000002534139d030 .functor AND 1, L_00000253413fcba0, L_000002534139d9d0, C4<1>, C4<1>;
L_000002534139dea0 .functor OR 1, L_000002534139ddc0, L_000002534139d030, C4<0>, C4<0>;
L_0000025341400ab0 .functor AND 1, L_00000253413fcf60, L_000002534139d9d0, C4<1>, C4<1>;
L_0000025341400340 .functor OR 1, L_000002534139dea0, L_0000025341400ab0, C4<0>, C4<0>;
v00000253413faa50_0 .net *"_ivl_0", 0 0, L_000002534139dce0;  1 drivers
v00000253413fab90_0 .net *"_ivl_10", 0 0, L_0000025341400ab0;  1 drivers
v00000253413fb9f0_0 .net *"_ivl_4", 0 0, L_000002534139ddc0;  1 drivers
v00000253413fc030_0 .net *"_ivl_6", 0 0, L_000002534139d030;  1 drivers
v00000253413fb1d0_0 .net *"_ivl_8", 0 0, L_000002534139dea0;  1 drivers
v00000253413fac30_0 .net "a", 0 0, L_00000253413fcba0;  1 drivers
v00000253413fad70_0 .net "b", 0 0, L_00000253413fcf60;  1 drivers
v00000253413fb590_0 .net "cin", 0 0, L_000002534139d9d0;  alias, 1 drivers
v00000253413fbc70_0 .net "cout", 0 0, L_0000025341400340;  alias, 1 drivers
v00000253413fbe50_0 .net "sum", 0 0, L_000002534139dd50;  1 drivers
S_00000253413fc6a0 .scope module, "instance2" "Adder4bit" 3 12, 3 15 0, S_00000253413a39a0;
 .timescale 0 0;
    .port_info 0 /INPUT 4 "a";
    .port_info 1 /INPUT 4 "b";
    .port_info 2 /INPUT 1 "cin";
    .port_info 3 /OUTPUT 4 "sum";
    .port_info 4 /OUTPUT 1 "cout";
v00000253413fe2c0_0 .net "a", 3 0, L_0000025341402570;  1 drivers
v00000253413fe680_0 .net "b", 3 0, L_0000025341401a30;  1 drivers
v00000253413fda00_0 .net "cin", 0 0, L_0000025341400340;  alias, 1 drivers
v00000253413fe0e0_0 .net "connect1", 0 0, L_00000253414002d0;  1 drivers
v00000253413fd320_0 .net "connect2", 0 0, L_0000025341400c00;  1 drivers
v00000253413fe9a0_0 .net "connect3", 0 0, L_0000025341400a40;  1 drivers
v00000253413fcc40_0 .net "cout", 0 0, L_0000025341400650;  alias, 1 drivers
v00000253413fd960_0 .net "sum", 3 0, L_00000253414018f0;  1 drivers
L_0000025341402b10 .part L_0000025341402570, 0, 1;
L_0000025341401490 .part L_0000025341401a30, 0, 1;
L_0000025341401530 .part L_0000025341402570, 1, 1;
L_0000025341401ad0 .part L_0000025341401a30, 1, 1;
L_00000253414015d0 .part L_0000025341402570, 2, 1;
L_0000025341402890 .part L_0000025341401a30, 2, 1;
L_00000253414024d0 .part L_0000025341402570, 3, 1;
L_0000025341401670 .part L_0000025341401a30, 3, 1;
L_00000253414018f0 .concat8 [ 1 1 1 1], L_0000025341400ce0, L_0000025341400b90, L_0000025341400110, L_0000025341400500;
S_00000253413fc830 .scope module, "instance1" "Adder1bit" 3 27, 3 34 0, S_00000253413fc6a0;
 .timescale 0 0;
    .port_info 0 /INPUT 1 "a";
    .port_info 1 /INPUT 1 "b";
    .port_info 2 /INPUT 1 "cin";
    .port_info 3 /OUTPUT 1 "sum";
    .port_info 4 /OUTPUT 1 "cout";
L_0000025341400030 .functor XOR 1, L_0000025341402b10, L_0000025341401490, C4<0>, C4<0>;
L_0000025341400ce0 .functor XOR 1, L_0000025341400030, L_0000025341400340, C4<0>, C4<0>;
L_00000253414001f0 .functor AND 1, L_0000025341402b10, L_0000025341401490, C4<1>, C4<1>;
L_0000025341400260 .functor AND 1, L_0000025341402b10, L_0000025341400340, C4<1>, C4<1>;
L_0000025341400420 .functor OR 1, L_00000253414001f0, L_0000025341400260, C4<0>, C4<0>;
L_0000025341400d50 .functor AND 1, L_0000025341401490, L_0000025341400340, C4<1>, C4<1>;
L_00000253414002d0 .functor OR 1, L_0000025341400420, L_0000025341400d50, C4<0>, C4<0>;
v00000253413fb810_0 .net *"_ivl_0", 0 0, L_0000025341400030;  1 drivers
v00000253413fb8b0_0 .net *"_ivl_10", 0 0, L_0000025341400d50;  1 drivers
v00000253413fbef0_0 .net *"_ivl_4", 0 0, L_00000253414001f0;  1 drivers
v00000253413fb950_0 .net *"_ivl_6", 0 0, L_0000025341400260;  1 drivers
v00000253413fba90_0 .net *"_ivl_8", 0 0, L_0000025341400420;  1 drivers
v00000253413fbdb0_0 .net "a", 0 0, L_0000025341402b10;  1 drivers
v00000253413fc0d0_0 .net "b", 0 0, L_0000025341401490;  1 drivers
v00000253413fc170_0 .net "cin", 0 0, L_0000025341400340;  alias, 1 drivers
v00000253413fc210_0 .net "cout", 0 0, L_00000253414002d0;  alias, 1 drivers
v00000253413fc2b0_0 .net "sum", 0 0, L_0000025341400ce0;  1 drivers
S_00000253413fc9c0 .scope module, "instance2" "Adder1bit" 3 28, 3 34 0, S_00000253413fc6a0;
 .timescale 0 0;
    .port_info 0 /INPUT 1 "a";
    .port_info 1 /INPUT 1 "b";
    .port_info 2 /INPUT 1 "cin";
    .port_info 3 /OUTPUT 1 "sum";
    .port_info 4 /OUTPUT 1 "cout";
L_0000025341400570 .functor XOR 1, L_0000025341401530, L_0000025341401ad0, C4<0>, C4<0>;
L_0000025341400b90 .functor XOR 1, L_0000025341400570, L_00000253414002d0, C4<0>, C4<0>;
L_00000253413ffee0 .functor AND 1, L_0000025341401530, L_0000025341401ad0, C4<1>, C4<1>;
L_0000025341400730 .functor AND 1, L_0000025341401530, L_00000253414002d0, C4<1>, C4<1>;
L_00000253414003b0 .functor OR 1, L_00000253413ffee0, L_0000025341400730, C4<0>, C4<0>;
L_0000025341400960 .functor AND 1, L_0000025341401ad0, L_00000253414002d0, C4<1>, C4<1>;
L_0000025341400c00 .functor OR 1, L_00000253414003b0, L_0000025341400960, C4<0>, C4<0>;
v00000253413fc350_0 .net *"_ivl_0", 0 0, L_0000025341400570;  1 drivers
v00000253413fa690_0 .net *"_ivl_10", 0 0, L_0000025341400960;  1 drivers
v00000253413fa550_0 .net *"_ivl_4", 0 0, L_00000253413ffee0;  1 drivers
v00000253413fa730_0 .net *"_ivl_6", 0 0, L_0000025341400730;  1 drivers
v00000253413fa870_0 .net *"_ivl_8", 0 0, L_00000253414003b0;  1 drivers
v00000253413fa910_0 .net "a", 0 0, L_0000025341401530;  1 drivers
v00000253413fa9b0_0 .net "b", 0 0, L_0000025341401ad0;  1 drivers
v00000253413fcce0_0 .net "cin", 0 0, L_00000253414002d0;  alias, 1 drivers
v00000253413fcd80_0 .net "cout", 0 0, L_0000025341400c00;  alias, 1 drivers
v00000253413fdfa0_0 .net "sum", 0 0, L_0000025341400b90;  1 drivers
S_00000253413feb60 .scope module, "instance3" "Adder1bit" 3 29, 3 34 0, S_00000253413fc6a0;
 .timescale 0 0;
    .port_info 0 /INPUT 1 "a";
    .port_info 1 /INPUT 1 "b";
    .port_info 2 /INPUT 1 "cin";
    .port_info 3 /OUTPUT 1 "sum";
    .port_info 4 /OUTPUT 1 "cout";
L_00000253414000a0 .functor XOR 1, L_00000253414015d0, L_0000025341402890, C4<0>, C4<0>;
L_0000025341400110 .functor XOR 1, L_00000253414000a0, L_0000025341400c00, C4<0>, C4<0>;
L_0000025341400c70 .functor AND 1, L_00000253414015d0, L_0000025341402890, C4<1>, C4<1>;
L_00000253414009d0 .functor AND 1, L_00000253414015d0, L_0000025341400c00, C4<1>, C4<1>;
L_00000253413fffc0 .functor OR 1, L_0000025341400c70, L_00000253414009d0, C4<0>, C4<0>;
L_0000025341400dc0 .functor AND 1, L_0000025341402890, L_0000025341400c00, C4<1>, C4<1>;
L_0000025341400a40 .functor OR 1, L_00000253413fffc0, L_0000025341400dc0, C4<0>, C4<0>;
v00000253413fcec0_0 .net *"_ivl_0", 0 0, L_00000253414000a0;  1 drivers
v00000253413fe7c0_0 .net *"_ivl_10", 0 0, L_0000025341400dc0;  1 drivers
v00000253413fdd20_0 .net *"_ivl_4", 0 0, L_0000025341400c70;  1 drivers
v00000253413fd8c0_0 .net *"_ivl_6", 0 0, L_00000253414009d0;  1 drivers
v00000253413fd3c0_0 .net *"_ivl_8", 0 0, L_00000253413fffc0;  1 drivers
v00000253413fe360_0 .net "a", 0 0, L_00000253414015d0;  1 drivers
v00000253413fd820_0 .net "b", 0 0, L_0000025341402890;  1 drivers
v00000253413fe220_0 .net "cin", 0 0, L_0000025341400c00;  alias, 1 drivers
v00000253413fddc0_0 .net "cout", 0 0, L_0000025341400a40;  alias, 1 drivers
v00000253413fe540_0 .net "sum", 0 0, L_0000025341400110;  1 drivers
S_00000253413fecf0 .scope module, "instance4" "Adder1bit" 3 30, 3 34 0, S_00000253413fc6a0;
 .timescale 0 0;
    .port_info 0 /INPUT 1 "a";
    .port_info 1 /INPUT 1 "b";
    .port_info 2 /INPUT 1 "cin";
    .port_info 3 /OUTPUT 1 "sum";
    .port_info 4 /OUTPUT 1 "cout";
L_0000025341400490 .functor XOR 1, L_00000253414024d0, L_0000025341401670, C4<0>, C4<0>;
L_0000025341400500 .functor XOR 1, L_0000025341400490, L_0000025341400a40, C4<0>, C4<0>;
L_00000253413fff50 .functor AND 1, L_00000253414024d0, L_0000025341401670, C4<1>, C4<1>;
L_0000025341400180 .functor AND 1, L_00000253414024d0, L_0000025341400a40, C4<1>, C4<1>;
L_00000253414005e0 .functor OR 1, L_00000253413fff50, L_0000025341400180, C4<0>, C4<0>;
L_0000025341400880 .functor AND 1, L_0000025341401670, L_0000025341400a40, C4<1>, C4<1>;
L_0000025341400650 .functor OR 1, L_00000253414005e0, L_0000025341400880, C4<0>, C4<0>;
v00000253413fd460_0 .net *"_ivl_0", 0 0, L_0000025341400490;  1 drivers
v00000253413fd0a0_0 .net *"_ivl_10", 0 0, L_0000025341400880;  1 drivers
v00000253413fde60_0 .net *"_ivl_4", 0 0, L_00000253413fff50;  1 drivers
v00000253413fd000_0 .net *"_ivl_6", 0 0, L_0000025341400180;  1 drivers
v00000253413fe4a0_0 .net *"_ivl_8", 0 0, L_00000253414005e0;  1 drivers
v00000253413fd640_0 .net "a", 0 0, L_00000253414024d0;  1 drivers
v00000253413fd500_0 .net "b", 0 0, L_0000025341401670;  1 drivers
v00000253413fd6e0_0 .net "cin", 0 0, L_0000025341400a40;  alias, 1 drivers
v00000253413fd780_0 .net "cout", 0 0, L_0000025341400650;  alias, 1 drivers
v00000253413fce20_0 .net "sum", 0 0, L_0000025341400500;  1 drivers
    .scope S_00000253413a3810;
T_0 ;
    %vpi_call 2 20 "$dumpfile", "RCAwaveform.vcd" {0 0 0};
    %vpi_call 2 21 "$dumpvars", 32'sb00000000000000000000000000000000, S_00000253413a3810 {0 0 0};
    %pushi/vec4 1, 0, 8;
    %store/vec4 v00000253413fe720_0, 0, 8;
    %pushi/vec4 2, 0, 8;
    %store/vec4 v00000253413fdbe0_0, 0, 8;
    %pushi/vec4 0, 0, 1;
    %store/vec4 v00000253413fdc80_0, 0, 1;
    %delay 10000, 0;
    %vpi_call 2 24 "$display", "a = %b b = %b cin = %b sum = %b", v00000253413fe720_0, v00000253413fdbe0_0, v00000253413fdc80_0, v00000253413fe040_0 {0 0 0};
    %pushi/vec4 255, 0, 8;
    %store/vec4 v00000253413fe720_0, 0, 8;
    %pushi/vec4 1, 0, 8;
    %store/vec4 v00000253413fdbe0_0, 0, 8;
    %pushi/vec4 0, 0, 1;
    %store/vec4 v00000253413fdc80_0, 0, 1;
    %delay 10000, 0;
    %vpi_call 2 26 "$display", "a = %b b = %b cin = %b sum = %b", v00000253413fe720_0, v00000253413fdbe0_0, v00000253413fdc80_0, v00000253413fe040_0 {0 0 0};
    %pushi/vec4 0, 0, 8;
    %store/vec4 v00000253413fe720_0, 0, 8;
    %pushi/vec4 0, 0, 8;
    %store/vec4 v00000253413fdbe0_0, 0, 8;
    %pushi/vec4 1, 0, 1;
    %store/vec4 v00000253413fdc80_0, 0, 1;
    %delay 10000, 0;
    %vpi_call 2 28 "$display", "a = %b b = %b cin = %b sum = %b", v00000253413fe720_0, v00000253413fdbe0_0, v00000253413fdc80_0, v00000253413fe040_0 {0 0 0};
    %pushi/vec4 240, 0, 8;
    %store/vec4 v00000253413fe720_0, 0, 8;
    %pushi/vec4 15, 0, 8;
    %store/vec4 v00000253413fdbe0_0, 0, 8;
    %pushi/vec4 0, 0, 1;
    %store/vec4 v00000253413fdc80_0, 0, 1;
    %delay 10000, 0;
    %vpi_call 2 30 "$display", "a = %b b = %b cin = %b sum = %b", v00000253413fe720_0, v00000253413fdbe0_0, v00000253413fdc80_0, v00000253413fe040_0 {0 0 0};
    %pushi/vec4 0, 0, 8;
    %store/vec4 v00000253413fe720_0, 0, 8;
    %pushi/vec4 0, 0, 8;
    %store/vec4 v00000253413fdbe0_0, 0, 8;
    %pushi/vec4 0, 0, 1;
    %store/vec4 v00000253413fdc80_0, 0, 1;
    %delay 10000, 0;
    %vpi_call 2 32 "$display", "a = %b b = %b cin = %b sum = %b", v00000253413fe720_0, v00000253413fdbe0_0, v00000253413fdc80_0, v00000253413fe040_0 {0 0 0};
    %pushi/vec4 128, 0, 8;
    %store/vec4 v00000253413fe720_0, 0, 8;
    %pushi/vec4 128, 0, 8;
    %store/vec4 v00000253413fdbe0_0, 0, 8;
    %pushi/vec4 1, 0, 1;
    %store/vec4 v00000253413fdc80_0, 0, 1;
    %delay 10000, 0;
    %vpi_call 2 34 "$display", "a = %b b = %b cin = %b sum = %b", v00000253413fe720_0, v00000253413fdbe0_0, v00000253413fdc80_0, v00000253413fe040_0 {0 0 0};
    %vpi_call 2 35 "$finish" {0 0 0};
    %end;
    .thread T_0;
# The file index is used to find the file name in the following table.
:file_names 4;
    "N/A";
    "<interactive>";
    "Adders/tb_RippleCarry8bit.v";
    "Adders/RippleCarry8bit.v";
