#! /c/Source/iverilog-install/bin/vvp
:ivl_version "12.0 (devel)" "(s20150603-1539-g2693dd32b)";
:ivl_delay_selection "TYPICAL";
:vpi_time_precision - 12;
:vpi_module "C:\Users\iverilog\lib\ivl\system.vpi";
:vpi_module "C:\Users\iverilog\lib\ivl\vhdl_sys.vpi";
:vpi_module "C:\Users\iverilog\lib\ivl\vhdl_textio.vpi";
:vpi_module "C:\Users\iverilog\lib\ivl\v2005_math.vpi";
:vpi_module "C:\Users\iverilog\lib\ivl\va_math.vpi";
S_000001c4f9d1aeb0 .scope module, "tb_RippleCarry8bit" "tb_RippleCarry8bit" 2 3;
 .timescale -9 -12;
v000001c4f9d89b00_0 .var "a", 7 0;
v000001c4f9d89c40_0 .var "b", 7 0;
v000001c4f9d8abe0_0 .var "cin", 0 0;
v000001c4f9d89ce0_0 .net "cout", 0 0, L_000001c4f9d8c2a0;  1 drivers
v000001c4f9d8a500_0 .net "sum", 7 0, L_000001c4f9d8dd80;  1 drivers
S_000001c4f9d1b040 .scope module, "uut" "RippleCarry8bit" 2 10, 3 1 0, S_000001c4f9d1aeb0;
 .timescale 0 0;
    .port_info 0 /INPUT 8 "a";
    .port_info 1 /INPUT 8 "b";
    .port_info 2 /INPUT 1 "cin";
    .port_info 3 /OUTPUT 8 "sum";
    .port_info 4 /OUTPUT 1 "cout";
v000001c4f9d89420_0 .net "a", 7 0, v000001c4f9d89b00_0;  1 drivers
v000001c4f9d8aaa0_0 .net "b", 7 0, v000001c4f9d89c40_0;  1 drivers
v000001c4f9d89740_0 .net "cin", 0 0, v000001c4f9d8abe0_0;  1 drivers
v000001c4f9d89f60_0 .net "connect", 0 0, L_000001c4f9d8b970;  1 drivers
v000001c4f9d89600_0 .net "cout", 0 0, L_000001c4f9d8c2a0;  alias, 1 drivers
v000001c4f9d8a960_0 .net "sum", 7 0, L_000001c4f9d8dd80;  alias, 1 drivers
L_000001c4f9d8d240 .part v000001c4f9d89b00_0, 0, 4;
L_000001c4f9d8cf20 .part v000001c4f9d89c40_0, 0, 4;
L_000001c4f9d8db00 .part v000001c4f9d89b00_0, 4, 4;
L_000001c4f9d8d1a0 .part v000001c4f9d89c40_0, 4, 4;
L_000001c4f9d8dd80 .concat8 [ 4 4 0 0], L_000001c4f9d8c660, L_000001c4f9d8c840;
S_000001c4f9cccf70 .scope module, "instance1" "Adder4bit" 3 11, 3 15 0, S_000001c4f9d1b040;
 .timescale 0 0;
    .port_info 0 /INPUT 4 "a";
    .port_info 1 /INPUT 4 "b";
    .port_info 2 /INPUT 1 "cin";
    .port_info 3 /OUTPUT 4 "sum";
    .port_info 4 /OUTPUT 1 "cout";
v000001c4f9d851b0_0 .net "a", 3 0, L_000001c4f9d8d240;  1 drivers
v000001c4f9d84210_0 .net "b", 3 0, L_000001c4f9d8cf20;  1 drivers
v000001c4f9d83770_0 .net "cin", 0 0, v000001c4f9d8abe0_0;  alias, 1 drivers
v000001c4f9d85390_0 .net "connect1", 0 0, L_000001c4f9d2ba70;  1 drivers
v000001c4f9d84c10_0 .net "connect2", 0 0, L_000001c4f9d2b5a0;  1 drivers
v000001c4f9d83c70_0 .net "connect3", 0 0, L_000001c4f9d2b920;  1 drivers
v000001c4f9d83d10_0 .net "cout", 0 0, L_000001c4f9d8b970;  alias, 1 drivers
v000001c4f9d83db0_0 .net "sum", 3 0, L_000001c4f9d8c660;  1 drivers
L_000001c4f9d88fc0 .part L_000001c4f9d8d240, 0, 1;
L_000001c4f9d8a3c0 .part L_000001c4f9d8cf20, 0, 1;
L_000001c4f9d89e20 .part L_000001c4f9d8d240, 1, 1;
L_000001c4f9d8a000 .part L_000001c4f9d8cf20, 1, 1;
L_000001c4f9d8a460 .part L_000001c4f9d8d240, 2, 1;
L_000001c4f9d8a780 .part L_000001c4f9d8cf20, 2, 1;
L_000001c4f9d8a8c0 .part L_000001c4f9d8d240, 3, 1;
L_000001c4f9d8a820 .part L_000001c4f9d8cf20, 3, 1;
L_000001c4f9d8c660 .concat8 [ 1 1 1 1], L_000001c4f9d2b220, L_000001c4f9d2b4c0, L_000001c4f9d2b1b0, L_000001c4f9d2bae0;
S_000001c4f9ccd100 .scope module, "instance1" "Adder1bit" 3 27, 3 34 0, S_000001c4f9cccf70;
 .timescale 0 0;
    .port_info 0 /INPUT 1 "a";
    .port_info 1 /INPUT 1 "b";
    .port_info 2 /INPUT 1 "cin";
    .port_info 3 /OUTPUT 1 "sum";
    .port_info 4 /OUTPUT 1 "cout";
L_000001c4f9d2b7d0 .functor XOR 1, L_000001c4f9d88fc0, L_000001c4f9d8a3c0, C4<0>, C4<0>;
L_000001c4f9d2b220 .functor XOR 1, L_000001c4f9d2b7d0, v000001c4f9d8abe0_0, C4<0>, C4<0>;
L_000001c4f9d2b840 .functor AND 1, L_000001c4f9d88fc0, L_000001c4f9d8a3c0, C4<1>, C4<1>;
L_000001c4f9d2aff0 .functor AND 1, L_000001c4f9d88fc0, v000001c4f9d8abe0_0, C4<1>, C4<1>;
L_000001c4f9d2b060 .functor OR 1, L_000001c4f9d2b840, L_000001c4f9d2aff0, C4<0>, C4<0>;
L_000001c4f9d2b450 .functor AND 1, L_000001c4f9d8a3c0, v000001c4f9d8abe0_0, C4<1>, C4<1>;
L_000001c4f9d2ba70 .functor OR 1, L_000001c4f9d2b060, L_000001c4f9d2b450, C4<0>, C4<0>;
v000001c4f9d25c20_0 .net *"_ivl_0", 0 0, L_000001c4f9d2b7d0;  1 drivers
v000001c4f9d24b40_0 .net *"_ivl_10", 0 0, L_000001c4f9d2b450;  1 drivers
v000001c4f9d25cc0_0 .net *"_ivl_4", 0 0, L_000001c4f9d2b840;  1 drivers
v000001c4f9d25d60_0 .net *"_ivl_6", 0 0, L_000001c4f9d2aff0;  1 drivers
v000001c4f9d248c0_0 .net *"_ivl_8", 0 0, L_000001c4f9d2b060;  1 drivers
v000001c4f9d261c0_0 .net "a", 0 0, L_000001c4f9d88fc0;  1 drivers
v000001c4f9d26260_0 .net "b", 0 0, L_000001c4f9d8a3c0;  1 drivers
v000001c4f9d24a00_0 .net "cin", 0 0, v000001c4f9d8abe0_0;  alias, 1 drivers
v000001c4f9d26300_0 .net "cout", 0 0, L_000001c4f9d2ba70;  alias, 1 drivers
v000001c4f9d24960_0 .net "sum", 0 0, L_000001c4f9d2b220;  1 drivers
S_000001c4f9ce2830 .scope module, "instance2" "Adder1bit" 3 28, 3 34 0, S_000001c4f9cccf70;
 .timescale 0 0;
    .port_info 0 /INPUT 1 "a";
    .port_info 1 /INPUT 1 "b";
    .port_info 2 /INPUT 1 "cin";
    .port_info 3 /OUTPUT 1 "sum";
    .port_info 4 /OUTPUT 1 "cout";
L_000001c4f9d2b610 .functor XOR 1, L_000001c4f9d89e20, L_000001c4f9d8a000, C4<0>, C4<0>;
L_000001c4f9d2b4c0 .functor XOR 1, L_000001c4f9d2b610, L_000001c4f9d2ba70, C4<0>, C4<0>;
L_000001c4f9d2b370 .functor AND 1, L_000001c4f9d89e20, L_000001c4f9d8a000, C4<1>, C4<1>;
L_000001c4f9d2b530 .functor AND 1, L_000001c4f9d89e20, L_000001c4f9d2ba70, C4<1>, C4<1>;
L_000001c4f9d2aea0 .functor OR 1, L_000001c4f9d2b370, L_000001c4f9d2b530, C4<0>, C4<0>;
L_000001c4f9d2b0d0 .functor AND 1, L_000001c4f9d8a000, L_000001c4f9d2ba70, C4<1>, C4<1>;
L_000001c4f9d2b5a0 .functor OR 1, L_000001c4f9d2aea0, L_000001c4f9d2b0d0, C4<0>, C4<0>;
v000001c4f9d24c80_0 .net *"_ivl_0", 0 0, L_000001c4f9d2b610;  1 drivers
v000001c4f9d250e0_0 .net *"_ivl_10", 0 0, L_000001c4f9d2b0d0;  1 drivers
v000001c4f9d25180_0 .net *"_ivl_4", 0 0, L_000001c4f9d2b370;  1 drivers
v000001c4f9d25220_0 .net *"_ivl_6", 0 0, L_000001c4f9d2b530;  1 drivers
v000001c4f9d11b70_0 .net *"_ivl_8", 0 0, L_000001c4f9d2aea0;  1 drivers
v000001c4f9d84030_0 .net "a", 0 0, L_000001c4f9d89e20;  1 drivers
v000001c4f9d85570_0 .net "b", 0 0, L_000001c4f9d8a000;  1 drivers
v000001c4f9d84670_0 .net "cin", 0 0, L_000001c4f9d2ba70;  alias, 1 drivers
v000001c4f9d84850_0 .net "cout", 0 0, L_000001c4f9d2b5a0;  alias, 1 drivers
v000001c4f9d84e90_0 .net "sum", 0 0, L_000001c4f9d2b4c0;  1 drivers
S_000001c4f9ce29c0 .scope module, "instance3" "Adder1bit" 3 29, 3 34 0, S_000001c4f9cccf70;
 .timescale 0 0;
    .port_info 0 /INPUT 1 "a";
    .port_info 1 /INPUT 1 "b";
    .port_info 2 /INPUT 1 "cin";
    .port_info 3 /OUTPUT 1 "sum";
    .port_info 4 /OUTPUT 1 "cout";
L_000001c4f9d2b680 .functor XOR 1, L_000001c4f9d8a460, L_000001c4f9d8a780, C4<0>, C4<0>;
L_000001c4f9d2b1b0 .functor XOR 1, L_000001c4f9d2b680, L_000001c4f9d2b5a0, C4<0>, C4<0>;
L_000001c4f9d2b760 .functor AND 1, L_000001c4f9d8a460, L_000001c4f9d8a780, C4<1>, C4<1>;
L_000001c4f9d2ae30 .functor AND 1, L_000001c4f9d8a460, L_000001c4f9d2b5a0, C4<1>, C4<1>;
L_000001c4f9d2b290 .functor OR 1, L_000001c4f9d2b760, L_000001c4f9d2ae30, C4<0>, C4<0>;
L_000001c4f9d2b8b0 .functor AND 1, L_000001c4f9d8a780, L_000001c4f9d2b5a0, C4<1>, C4<1>;
L_000001c4f9d2b920 .functor OR 1, L_000001c4f9d2b290, L_000001c4f9d2b8b0, C4<0>, C4<0>;
v000001c4f9d839f0_0 .net *"_ivl_0", 0 0, L_000001c4f9d2b680;  1 drivers
v000001c4f9d84710_0 .net *"_ivl_10", 0 0, L_000001c4f9d2b8b0;  1 drivers
v000001c4f9d848f0_0 .net *"_ivl_4", 0 0, L_000001c4f9d2b760;  1 drivers
v000001c4f9d838b0_0 .net *"_ivl_6", 0 0, L_000001c4f9d2ae30;  1 drivers
v000001c4f9d854d0_0 .net *"_ivl_8", 0 0, L_000001c4f9d2b290;  1 drivers
v000001c4f9d852f0_0 .net "a", 0 0, L_000001c4f9d8a460;  1 drivers
v000001c4f9d843f0_0 .net "b", 0 0, L_000001c4f9d8a780;  1 drivers
v000001c4f9d83e50_0 .net "cin", 0 0, L_000001c4f9d2b5a0;  alias, 1 drivers
v000001c4f9d84490_0 .net "cout", 0 0, L_000001c4f9d2b920;  alias, 1 drivers
v000001c4f9d84350_0 .net "sum", 0 0, L_000001c4f9d2b1b0;  1 drivers
S_000001c4f9d88750 .scope module, "instance4" "Adder1bit" 3 30, 3 34 0, S_000001c4f9cccf70;
 .timescale 0 0;
    .port_info 0 /INPUT 1 "a";
    .port_info 1 /INPUT 1 "b";
    .port_info 2 /INPUT 1 "cin";
    .port_info 3 /OUTPUT 1 "sum";
    .port_info 4 /OUTPUT 1 "cout";
L_000001c4f9d2b990 .functor XOR 1, L_000001c4f9d8a8c0, L_000001c4f9d8a820, C4<0>, C4<0>;
L_000001c4f9d2bae0 .functor XOR 1, L_000001c4f9d2b990, L_000001c4f9d2b920, C4<0>, C4<0>;
L_000001c4f9d2bb50 .functor AND 1, L_000001c4f9d8a8c0, L_000001c4f9d8a820, C4<1>, C4<1>;
L_000001c4f9d2bbc0 .functor AND 1, L_000001c4f9d8a8c0, L_000001c4f9d2b920, C4<1>, C4<1>;
L_000001c4f9d2bc30 .functor OR 1, L_000001c4f9d2bb50, L_000001c4f9d2bbc0, C4<0>, C4<0>;
L_000001c4f9d8b660 .functor AND 1, L_000001c4f9d8a820, L_000001c4f9d2b920, C4<1>, C4<1>;
L_000001c4f9d8b970 .functor OR 1, L_000001c4f9d2bc30, L_000001c4f9d8b660, C4<0>, C4<0>;
v000001c4f9d83950_0 .net *"_ivl_0", 0 0, L_000001c4f9d2b990;  1 drivers
v000001c4f9d83f90_0 .net *"_ivl_10", 0 0, L_000001c4f9d8b660;  1 drivers
v000001c4f9d83bd0_0 .net *"_ivl_4", 0 0, L_000001c4f9d2bb50;  1 drivers
v000001c4f9d85070_0 .net *"_ivl_6", 0 0, L_000001c4f9d2bbc0;  1 drivers
v000001c4f9d847b0_0 .net *"_ivl_8", 0 0, L_000001c4f9d2bc30;  1 drivers
v000001c4f9d840d0_0 .net "a", 0 0, L_000001c4f9d8a8c0;  1 drivers
v000001c4f9d83b30_0 .net "b", 0 0, L_000001c4f9d8a820;  1 drivers
v000001c4f9d84170_0 .net "cin", 0 0, L_000001c4f9d2b920;  alias, 1 drivers
v000001c4f9d83a90_0 .net "cout", 0 0, L_000001c4f9d8b970;  alias, 1 drivers
v000001c4f9d84cb0_0 .net "sum", 0 0, L_000001c4f9d2bae0;  1 drivers
S_000001c4f9d888e0 .scope module, "instance2" "Adder4bit" 3 12, 3 15 0, S_000001c4f9d1b040;
 .timescale 0 0;
    .port_info 0 /INPUT 4 "a";
    .port_info 1 /INPUT 4 "b";
    .port_info 2 /INPUT 1 "cin";
    .port_info 3 /OUTPUT 4 "sum";
    .port_info 4 /OUTPUT 1 "cout";
v000001c4f9d8a140_0 .net "a", 3 0, L_000001c4f9d8db00;  1 drivers
v000001c4f9d8a0a0_0 .net "b", 3 0, L_000001c4f9d8d1a0;  1 drivers
v000001c4f9d891a0_0 .net "cin", 0 0, L_000001c4f9d8b970;  alias, 1 drivers
v000001c4f9d89380_0 .net "connect1", 0 0, L_000001c4f9d8c0e0;  1 drivers
v000001c4f9d8ab40_0 .net "connect2", 0 0, L_000001c4f9d8b890;  1 drivers
v000001c4f9d89a60_0 .net "connect3", 0 0, L_000001c4f9d8bc80;  1 drivers
v000001c4f9d8aa00_0 .net "cout", 0 0, L_000001c4f9d8c2a0;  alias, 1 drivers
v000001c4f9d8a1e0_0 .net "sum", 3 0, L_000001c4f9d8c840;  1 drivers
L_000001c4f9d8c7a0 .part L_000001c4f9d8db00, 0, 1;
L_000001c4f9d8cfc0 .part L_000001c4f9d8d1a0, 0, 1;
L_000001c4f9d8d6a0 .part L_000001c4f9d8db00, 1, 1;
L_000001c4f9d8d380 .part L_000001c4f9d8d1a0, 1, 1;
L_000001c4f9d8c8e0 .part L_000001c4f9d8db00, 2, 1;
L_000001c4f9d8cd40 .part L_000001c4f9d8d1a0, 2, 1;
L_000001c4f9d8c700 .part L_000001c4f9d8db00, 3, 1;
L_000001c4f9d8d920 .part L_000001c4f9d8d1a0, 3, 1;
L_000001c4f9d8c840 .concat8 [ 1 1 1 1], L_000001c4f9d8ba50, L_000001c4f9d8b580, L_000001c4f9d8bf90, L_000001c4f9d8bdd0;
S_000001c4f9d88a70 .scope module, "instance1" "Adder1bit" 3 27, 3 34 0, S_000001c4f9d888e0;
 .timescale 0 0;
    .port_info 0 /INPUT 1 "a";
    .port_info 1 /INPUT 1 "b";
    .port_info 2 /INPUT 1 "cin";
    .port_info 3 /OUTPUT 1 "sum";
    .port_info 4 /OUTPUT 1 "cout";
L_000001c4f9d8b6d0 .functor XOR 1, L_000001c4f9d8c7a0, L_000001c4f9d8cfc0, C4<0>, C4<0>;
L_000001c4f9d8ba50 .functor XOR 1, L_000001c4f9d8b6d0, L_000001c4f9d8b970, C4<0>, C4<0>;
L_000001c4f9d8c070 .functor AND 1, L_000001c4f9d8c7a0, L_000001c4f9d8cfc0, C4<1>, C4<1>;
L_000001c4f9d8bd60 .functor AND 1, L_000001c4f9d8c7a0, L_000001c4f9d8b970, C4<1>, C4<1>;
L_000001c4f9d8be40 .functor OR 1, L_000001c4f9d8c070, L_000001c4f9d8bd60, C4<0>, C4<0>;
L_000001c4f9d8b510 .functor AND 1, L_000001c4f9d8cfc0, L_000001c4f9d8b970, C4<1>, C4<1>;
L_000001c4f9d8c0e0 .functor OR 1, L_000001c4f9d8be40, L_000001c4f9d8b510, C4<0>, C4<0>;
v000001c4f9d84990_0 .net *"_ivl_0", 0 0, L_000001c4f9d8b6d0;  1 drivers
v000001c4f9d842b0_0 .net *"_ivl_10", 0 0, L_000001c4f9d8b510;  1 drivers
v000001c4f9d83810_0 .net *"_ivl_4", 0 0, L_000001c4f9d8c070;  1 drivers
v000001c4f9d84d50_0 .net *"_ivl_6", 0 0, L_000001c4f9d8bd60;  1 drivers
v000001c4f9d84530_0 .net *"_ivl_8", 0 0, L_000001c4f9d8be40;  1 drivers
v000001c4f9d85250_0 .net "a", 0 0, L_000001c4f9d8c7a0;  1 drivers
v000001c4f9d83ef0_0 .net "b", 0 0, L_000001c4f9d8cfc0;  1 drivers
v000001c4f9d85110_0 .net "cin", 0 0, L_000001c4f9d8b970;  alias, 1 drivers
v000001c4f9d85610_0 .net "cout", 0 0, L_000001c4f9d8c0e0;  alias, 1 drivers
v000001c4f9d84a30_0 .net "sum", 0 0, L_000001c4f9d8ba50;  1 drivers
S_000001c4f9d88c00 .scope module, "instance2" "Adder1bit" 3 28, 3 34 0, S_000001c4f9d888e0;
 .timescale 0 0;
    .port_info 0 /INPUT 1 "a";
    .port_info 1 /INPUT 1 "b";
    .port_info 2 /INPUT 1 "cin";
    .port_info 3 /OUTPUT 1 "sum";
    .port_info 4 /OUTPUT 1 "cout";
L_000001c4f9d8beb0 .functor XOR 1, L_000001c4f9d8d6a0, L_000001c4f9d8d380, C4<0>, C4<0>;
L_000001c4f9d8b580 .functor XOR 1, L_000001c4f9d8beb0, L_000001c4f9d8c0e0, C4<0>, C4<0>;
L_000001c4f9d8bb30 .functor AND 1, L_000001c4f9d8d6a0, L_000001c4f9d8d380, C4<1>, C4<1>;
L_000001c4f9d8bba0 .functor AND 1, L_000001c4f9d8d6a0, L_000001c4f9d8c0e0, C4<1>, C4<1>;
L_000001c4f9d8b5f0 .functor OR 1, L_000001c4f9d8bb30, L_000001c4f9d8bba0, C4<0>, C4<0>;
L_000001c4f9d8c230 .functor AND 1, L_000001c4f9d8d380, L_000001c4f9d8c0e0, C4<1>, C4<1>;
L_000001c4f9d8b890 .functor OR 1, L_000001c4f9d8b5f0, L_000001c4f9d8c230, C4<0>, C4<0>;
v000001c4f9d85430_0 .net *"_ivl_0", 0 0, L_000001c4f9d8beb0;  1 drivers
v000001c4f9d84df0_0 .net *"_ivl_10", 0 0, L_000001c4f9d8c230;  1 drivers
v000001c4f9d84b70_0 .net *"_ivl_4", 0 0, L_000001c4f9d8bb30;  1 drivers
v000001c4f9d84ad0_0 .net *"_ivl_6", 0 0, L_000001c4f9d8bba0;  1 drivers
v000001c4f9d84f30_0 .net *"_ivl_8", 0 0, L_000001c4f9d8b5f0;  1 drivers
v000001c4f9d84fd0_0 .net "a", 0 0, L_000001c4f9d8d6a0;  1 drivers
v000001c4f9d845d0_0 .net "b", 0 0, L_000001c4f9d8d380;  1 drivers
v000001c4f9d89100_0 .net "cin", 0 0, L_000001c4f9d8c0e0;  alias, 1 drivers
v000001c4f9d88e80_0 .net "cout", 0 0, L_000001c4f9d8b890;  alias, 1 drivers
v000001c4f9d8ac80_0 .net "sum", 0 0, L_000001c4f9d8b580;  1 drivers
S_000001c4f9d8b1a0 .scope module, "instance3" "Adder1bit" 3 29, 3 34 0, S_000001c4f9d888e0;
 .timescale 0 0;
    .port_info 0 /INPUT 1 "a";
    .port_info 1 /INPUT 1 "b";
    .port_info 2 /INPUT 1 "cin";
    .port_info 3 /OUTPUT 1 "sum";
    .port_info 4 /OUTPUT 1 "cout";
L_000001c4f9d8bac0 .functor XOR 1, L_000001c4f9d8c8e0, L_000001c4f9d8cd40, C4<0>, C4<0>;
L_000001c4f9d8bf90 .functor XOR 1, L_000001c4f9d8bac0, L_000001c4f9d8b890, C4<0>, C4<0>;
L_000001c4f9d8b900 .functor AND 1, L_000001c4f9d8c8e0, L_000001c4f9d8cd40, C4<1>, C4<1>;
L_000001c4f9d8bc10 .functor AND 1, L_000001c4f9d8c8e0, L_000001c4f9d8b890, C4<1>, C4<1>;
L_000001c4f9d8bf20 .functor OR 1, L_000001c4f9d8b900, L_000001c4f9d8bc10, C4<0>, C4<0>;
L_000001c4f9d8b9e0 .functor AND 1, L_000001c4f9d8cd40, L_000001c4f9d8b890, C4<1>, C4<1>;
L_000001c4f9d8bc80 .functor OR 1, L_000001c4f9d8bf20, L_000001c4f9d8b9e0, C4<0>, C4<0>;
v000001c4f9d896a0_0 .net *"_ivl_0", 0 0, L_000001c4f9d8bac0;  1 drivers
v000001c4f9d89ba0_0 .net *"_ivl_10", 0 0, L_000001c4f9d8b9e0;  1 drivers
v000001c4f9d8a280_0 .net *"_ivl_4", 0 0, L_000001c4f9d8b900;  1 drivers
v000001c4f9d89060_0 .net *"_ivl_6", 0 0, L_000001c4f9d8bc10;  1 drivers
v000001c4f9d8a5a0_0 .net *"_ivl_8", 0 0, L_000001c4f9d8bf20;  1 drivers
v000001c4f9d897e0_0 .net "a", 0 0, L_000001c4f9d8c8e0;  1 drivers
v000001c4f9d899c0_0 .net "b", 0 0, L_000001c4f9d8cd40;  1 drivers
v000001c4f9d89880_0 .net "cin", 0 0, L_000001c4f9d8b890;  alias, 1 drivers
v000001c4f9d8a320_0 .net "cout", 0 0, L_000001c4f9d8bc80;  alias, 1 drivers
v000001c4f9d8a6e0_0 .net "sum", 0 0, L_000001c4f9d8bf90;  1 drivers
S_000001c4f9d8b330 .scope module, "instance4" "Adder1bit" 3 30, 3 34 0, S_000001c4f9d888e0;
 .timescale 0 0;
    .port_info 0 /INPUT 1 "a";
    .port_info 1 /INPUT 1 "b";
    .port_info 2 /INPUT 1 "cin";
    .port_info 3 /OUTPUT 1 "sum";
    .port_info 4 /OUTPUT 1 "cout";
L_000001c4f9d8bcf0 .functor XOR 1, L_000001c4f9d8c700, L_000001c4f9d8d920, C4<0>, C4<0>;
L_000001c4f9d8bdd0 .functor XOR 1, L_000001c4f9d8bcf0, L_000001c4f9d8bc80, C4<0>, C4<0>;
L_000001c4f9d8c000 .functor AND 1, L_000001c4f9d8c700, L_000001c4f9d8d920, C4<1>, C4<1>;
L_000001c4f9d8c150 .functor AND 1, L_000001c4f9d8c700, L_000001c4f9d8bc80, C4<1>, C4<1>;
L_000001c4f9d8b820 .functor OR 1, L_000001c4f9d8c000, L_000001c4f9d8c150, C4<0>, C4<0>;
L_000001c4f9d8c1c0 .functor AND 1, L_000001c4f9d8d920, L_000001c4f9d8bc80, C4<1>, C4<1>;
L_000001c4f9d8c2a0 .functor OR 1, L_000001c4f9d8b820, L_000001c4f9d8c1c0, C4<0>, C4<0>;
v000001c4f9d89920_0 .net *"_ivl_0", 0 0, L_000001c4f9d8bcf0;  1 drivers
v000001c4f9d88de0_0 .net *"_ivl_10", 0 0, L_000001c4f9d8c1c0;  1 drivers
v000001c4f9d89ec0_0 .net *"_ivl_4", 0 0, L_000001c4f9d8c000;  1 drivers
v000001c4f9d89d80_0 .net *"_ivl_6", 0 0, L_000001c4f9d8c150;  1 drivers
v000001c4f9d892e0_0 .net *"_ivl_8", 0 0, L_000001c4f9d8b820;  1 drivers
v000001c4f9d8a640_0 .net "a", 0 0, L_000001c4f9d8c700;  1 drivers
v000001c4f9d88f20_0 .net "b", 0 0, L_000001c4f9d8d920;  1 drivers
v000001c4f9d894c0_0 .net "cin", 0 0, L_000001c4f9d8bc80;  alias, 1 drivers
v000001c4f9d89560_0 .net "cout", 0 0, L_000001c4f9d8c2a0;  alias, 1 drivers
v000001c4f9d89240_0 .net "sum", 0 0, L_000001c4f9d8bdd0;  1 drivers
    .scope S_000001c4f9d1aeb0;
T_0 ;
    %vpi_call 2 20 "$dumpfile", "RCAwaveform.vcd" {0 0 0};
    %vpi_call 2 21 "$dumpvars", 32'sb00000000000000000000000000000000, S_000001c4f9d1aeb0 {0 0 0};
    %pushi/vec4 1, 0, 8;
    %store/vec4 v000001c4f9d89b00_0, 0, 8;
    %pushi/vec4 2, 0, 8;
    %store/vec4 v000001c4f9d89c40_0, 0, 8;
    %pushi/vec4 0, 0, 1;
    %store/vec4 v000001c4f9d8abe0_0, 0, 1;
    %delay 10000, 0;
    %pushi/vec4 255, 0, 8;
    %store/vec4 v000001c4f9d89b00_0, 0, 8;
    %pushi/vec4 1, 0, 8;
    %store/vec4 v000001c4f9d89c40_0, 0, 8;
    %pushi/vec4 0, 0, 1;
    %store/vec4 v000001c4f9d8abe0_0, 0, 1;
    %delay 10000, 0;
    %pushi/vec4 0, 0, 8;
    %store/vec4 v000001c4f9d89b00_0, 0, 8;
    %pushi/vec4 0, 0, 8;
    %store/vec4 v000001c4f9d89c40_0, 0, 8;
    %pushi/vec4 1, 0, 1;
    %store/vec4 v000001c4f9d8abe0_0, 0, 1;
    %delay 10000, 0;
    %pushi/vec4 240, 0, 8;
    %store/vec4 v000001c4f9d89b00_0, 0, 8;
    %pushi/vec4 15, 0, 8;
    %store/vec4 v000001c4f9d89c40_0, 0, 8;
    %pushi/vec4 0, 0, 1;
    %store/vec4 v000001c4f9d8abe0_0, 0, 1;
    %delay 10000, 0;
    %pushi/vec4 0, 0, 8;
    %store/vec4 v000001c4f9d89b00_0, 0, 8;
    %pushi/vec4 0, 0, 8;
    %store/vec4 v000001c4f9d89c40_0, 0, 8;
    %pushi/vec4 0, 0, 1;
    %store/vec4 v000001c4f9d8abe0_0, 0, 1;
    %delay 10000, 0;
    %pushi/vec4 128, 0, 8;
    %store/vec4 v000001c4f9d89b00_0, 0, 8;
    %pushi/vec4 128, 0, 8;
    %store/vec4 v000001c4f9d89c40_0, 0, 8;
    %pushi/vec4 1, 0, 1;
    %store/vec4 v000001c4f9d8abe0_0, 0, 1;
    %delay 10000, 0;
    %vpi_call 2 29 "$finish" {0 0 0};
    %end;
    .thread T_0;
# The file index is used to find the file name in the following table.
:file_names 4;
    "N/A";
    "<interactive>";
    "Adders/tb_RippleCarry8bit.v";
    "Adders/RippleCarry8bit.v";
