#! /c/Source/iverilog-install/bin/vvp
:ivl_version "12.0 (devel)" "(s20150603-1539-g2693dd32b)";
:ivl_delay_selection "TYPICAL";
:vpi_time_precision - 12;
:vpi_module "C:\Users\iverilog\lib\ivl\system.vpi";
:vpi_module "C:\Users\iverilog\lib\ivl\vhdl_sys.vpi";
:vpi_module "C:\Users\iverilog\lib\ivl\vhdl_textio.vpi";
:vpi_module "C:\Users\iverilog\lib\ivl\v2005_math.vpi";
:vpi_module "C:\Users\iverilog\lib\ivl\va_math.vpi";
S_0000017016a462a0 .scope module, "tb_MUX4x1" "tb_MUX4x1" 2 3;
 .timescale -9 -12;
v0000017016b6ba70_0 .var/i "i", 31 0;
v0000017016b6bb10_0 .var "in0", 0 0;
v0000017016b6bbb0_0 .var "in1", 0 0;
v0000017016b6bc50_0 .var "in2", 0 0;
v0000017016b6bcf0_0 .var "in3", 0 0;
v0000017016b6bd90_0 .var "inputs", 3 0;
v0000017016b6be30_0 .net "out", 0 0, v0000017016b6b930_0;  1 drivers
v0000017016a430b0_0 .var "sel", 1 0;
S_0000017016a46430 .scope module, "uut" "MUX4x1" 2 13, 3 1 0, S_0000017016a462a0;
 .timescale 0 0;
    .port_info 0 /INPUT 1 "in0";
    .port_info 1 /INPUT 1 "in1";
    .port_info 2 /INPUT 1 "in2";
    .port_info 3 /INPUT 1 "in3";
    .port_info 4 /INPUT 2 "sel";
    .port_info 5 /OUTPUT 1 "out";
v0000017016b6b5a0_0 .net "in0", 0 0, v0000017016b6bb10_0;  1 drivers
v0000017016b6b640_0 .net "in1", 0 0, v0000017016b6bbb0_0;  1 drivers
v0000017016a465c0_0 .net "in2", 0 0, v0000017016b6bc50_0;  1 drivers
v0000017016a46660_0 .net "in3", 0 0, v0000017016b6bcf0_0;  1 drivers
v0000017016b6b930_0 .var "out", 0 0;
v0000017016b6b9d0_0 .net "sel", 1 0, v0000017016a430b0_0;  1 drivers
E_0000017016a35d60/0 .event anyedge, v0000017016b6b9d0_0, v0000017016b6b5a0_0, v0000017016b6b640_0, v0000017016a465c0_0;
E_0000017016a35d60/1 .event anyedge, v0000017016a46660_0;
E_0000017016a35d60 .event/or E_0000017016a35d60/0, E_0000017016a35d60/1;
    .scope S_0000017016a46430;
T_0 ;
    %wait E_0000017016a35d60;
    %load/vec4 v0000017016b6b9d0_0;
    %dup/vec4;
    %pushi/vec4 0, 0, 2;
    %cmp/u;
    %jmp/1 T_0.0, 6;
    %dup/vec4;
    %pushi/vec4 1, 0, 2;
    %cmp/u;
    %jmp/1 T_0.1, 6;
    %dup/vec4;
    %pushi/vec4 2, 0, 2;
    %cmp/u;
    %jmp/1 T_0.2, 6;
    %dup/vec4;
    %pushi/vec4 3, 0, 2;
    %cmp/u;
    %jmp/1 T_0.3, 6;
    %jmp T_0.4;
T_0.0 ;
    %load/vec4 v0000017016b6b5a0_0;
    %store/vec4 v0000017016b6b930_0, 0, 1;
    %jmp T_0.4;
T_0.1 ;
    %load/vec4 v0000017016b6b640_0;
    %store/vec4 v0000017016b6b930_0, 0, 1;
    %jmp T_0.4;
T_0.2 ;
    %load/vec4 v0000017016a465c0_0;
    %store/vec4 v0000017016b6b930_0, 0, 1;
    %jmp T_0.4;
T_0.3 ;
    %load/vec4 v0000017016a46660_0;
    %store/vec4 v0000017016b6b930_0, 0, 1;
    %jmp T_0.4;
T_0.4 ;
    %pop/vec4 1;
    %jmp T_0;
    .thread T_0, $push;
    .scope S_0000017016a462a0;
T_1 ;
    %vpi_call 2 23 "$dumpfile", "4x1MUXwaveform.vcd" {0 0 0};
    %vpi_call 2 24 "$dumpvars", 32'sb00000000000000000000000000000000, S_0000017016a462a0 {0 0 0};
    %pushi/vec4 0, 0, 32;
    %store/vec4 v0000017016b6ba70_0, 0, 32;
T_1.0 ;
    %load/vec4 v0000017016b6ba70_0;
    %cmpi/s 16, 0, 32;
    %jmp/0xz T_1.1, 5;
    %load/vec4 v0000017016b6ba70_0;
    %parti/s 4, 0, 2;
    %store/vec4 v0000017016b6bd90_0, 0, 4;
    %load/vec4 v0000017016b6bd90_0;
    %parti/s 1, 0, 2;
    %store/vec4 v0000017016b6bb10_0, 0, 1;
    %load/vec4 v0000017016b6bd90_0;
    %parti/s 1, 1, 2;
    %store/vec4 v0000017016b6bbb0_0, 0, 1;
    %load/vec4 v0000017016b6bd90_0;
    %parti/s 1, 2, 3;
    %store/vec4 v0000017016b6bc50_0, 0, 1;
    %load/vec4 v0000017016b6bd90_0;
    %parti/s 1, 3, 3;
    %store/vec4 v0000017016b6bcf0_0, 0, 1;
    %pushi/vec4 0, 0, 2;
    %store/vec4 v0000017016a430b0_0, 0, 2;
    %delay 10000, 0;
    %vpi_call 2 34 "$display", "sel = %b, inputs = %b, out = %b", v0000017016a430b0_0, v0000017016b6bd90_0, v0000017016b6be30_0 {0 0 0};
    %pushi/vec4 1, 0, 2;
    %store/vec4 v0000017016a430b0_0, 0, 2;
    %delay 10000, 0;
    %vpi_call 2 36 "$display", "sel = %b, inputs = %b, out = %b", v0000017016a430b0_0, v0000017016b6bd90_0, v0000017016b6be30_0 {0 0 0};
    %pushi/vec4 2, 0, 2;
    %store/vec4 v0000017016a430b0_0, 0, 2;
    %delay 10000, 0;
    %vpi_call 2 38 "$display", "sel = %b, inputs = %b, out = %b", v0000017016a430b0_0, v0000017016b6bd90_0, v0000017016b6be30_0 {0 0 0};
    %pushi/vec4 3, 0, 2;
    %store/vec4 v0000017016a430b0_0, 0, 2;
    %delay 10000, 0;
    %vpi_call 2 40 "$display", "sel = %b, inputs = %b, out = %b", v0000017016a430b0_0, v0000017016b6bd90_0, v0000017016b6be30_0 {0 0 0};
    %load/vec4 v0000017016b6ba70_0;
    %addi 1, 0, 32;
    %store/vec4 v0000017016b6ba70_0, 0, 32;
    %jmp T_1.0;
T_1.1 ;
    %vpi_call 2 42 "$finish" {0 0 0};
    %end;
    .thread T_1;
# The file index is used to find the file name in the following table.
:file_names 4;
    "N/A";
    "<interactive>";
    "Multiplexers/tb_MUX4x1.v";
    "Multiplexers/MUX4x1.v";
