#! /c/Source/iverilog-install/bin/vvp
:ivl_version "12.0 (devel)" "(s20150603-1539-g2693dd32b)";
:ivl_delay_selection "TYPICAL";
:vpi_time_precision - 12;
:vpi_module "C:\Users\iverilog\lib\ivl\system.vpi";
:vpi_module "C:\Users\iverilog\lib\ivl\vhdl_sys.vpi";
:vpi_module "C:\Users\iverilog\lib\ivl\vhdl_textio.vpi";
:vpi_module "C:\Users\iverilog\lib\ivl\v2005_math.vpi";
:vpi_module "C:\Users\iverilog\lib\ivl\va_math.vpi";
S_00000223ae178a40 .scope module, "tb_MUX2x1" "tb_MUX2x1" 2 3;
 .timescale -9 -12;
v00000223ae1c4370_0 .var "in0", 0 0;
v00000223ae1c4410_0 .var "in1", 0 0;
v00000223ae1c44b0_0 .net "out", 0 0, L_00000223ae26d120;  1 drivers
v00000223ae1c4550_0 .var "sel", 0 0;
S_00000223ae1c53a0 .scope module, "uut" "MUX2x1" 2 9, 3 1 0, S_00000223ae178a40;
 .timescale 0 0;
    .port_info 0 /INPUT 1 "in0";
    .port_info 1 /INPUT 1 "in1";
    .port_info 2 /INPUT 1 "sel";
    .port_info 3 /OUTPUT 1 "out";
v00000223ae178bd0_0 .net *"_ivl_0", 31 0, L_00000223ae1c45f0;  1 drivers
L_00000223ae215018 .functor BUFT 1, C4<0000000000000000000000000000000>, C4<0>, C4<0>, C4<0>;
v00000223ae1c5530_0 .net *"_ivl_3", 30 0, L_00000223ae215018;  1 drivers
L_00000223ae215060 .functor BUFT 1, C4<00000000000000000000000000000000>, C4<0>, C4<0>, C4<0>;
v00000223ae1c55d0_0 .net/2u *"_ivl_4", 31 0, L_00000223ae215060;  1 drivers
v00000223ae1c5670_0 .net *"_ivl_6", 0 0, L_00000223ae1c4690;  1 drivers
v00000223ae1c5710_0 .net "in0", 0 0, v00000223ae1c4370_0;  1 drivers
v00000223ae1c4190_0 .net "in1", 0 0, v00000223ae1c4410_0;  1 drivers
v00000223ae1c4230_0 .net "out", 0 0, L_00000223ae26d120;  alias, 1 drivers
v00000223ae1c42d0_0 .net "sel", 0 0, v00000223ae1c4550_0;  1 drivers
L_00000223ae1c45f0 .concat [ 1 31 0 0], v00000223ae1c4550_0, L_00000223ae215018;
L_00000223ae1c4690 .cmp/eq 32, L_00000223ae1c45f0, L_00000223ae215060;
L_00000223ae26d120 .functor MUXZ 1, v00000223ae1c4410_0, v00000223ae1c4370_0, L_00000223ae1c4690, C4<>;
    .scope S_00000223ae178a40;
T_0 ;
    %vpi_call 2 17 "$dumpfile", "2x1MUXwaveform.vcd" {0 0 0};
    %vpi_call 2 18 "$dumpvars", 32'sb00000000000000000000000000000000, S_00000223ae178a40 {0 0 0};
    %pushi/vec4 0, 0, 1;
    %store/vec4 v00000223ae1c4550_0, 0, 1;
    %pushi/vec4 0, 0, 1;
    %store/vec4 v00000223ae1c4370_0, 0, 1;
    %pushi/vec4 0, 0, 1;
    %store/vec4 v00000223ae1c4410_0, 0, 1;
    %delay 10000, 0;
    %vpi_call 2 21 "$display", "input_1 = %b, input_2 = %b, select_line = %b, output = %b", v00000223ae1c4370_0, v00000223ae1c4410_0, v00000223ae1c4550_0, v00000223ae1c44b0_0 {0 0 0};
    %pushi/vec4 0, 0, 1;
    %store/vec4 v00000223ae1c4550_0, 0, 1;
    %pushi/vec4 0, 0, 1;
    %store/vec4 v00000223ae1c4370_0, 0, 1;
    %pushi/vec4 1, 0, 1;
    %store/vec4 v00000223ae1c4410_0, 0, 1;
    %delay 10000, 0;
    %vpi_call 2 23 "$display", "input_1 = %b, input_2 = %b, select_line = %b, output = %b", v00000223ae1c4370_0, v00000223ae1c4410_0, v00000223ae1c4550_0, v00000223ae1c44b0_0 {0 0 0};
    %pushi/vec4 0, 0, 1;
    %store/vec4 v00000223ae1c4550_0, 0, 1;
    %pushi/vec4 1, 0, 1;
    %store/vec4 v00000223ae1c4370_0, 0, 1;
    %pushi/vec4 0, 0, 1;
    %store/vec4 v00000223ae1c4410_0, 0, 1;
    %delay 10000, 0;
    %vpi_call 2 25 "$display", "input_1 = %b, input_2 = %b, select_line = %b, output = %b", v00000223ae1c4370_0, v00000223ae1c4410_0, v00000223ae1c4550_0, v00000223ae1c44b0_0 {0 0 0};
    %pushi/vec4 0, 0, 1;
    %store/vec4 v00000223ae1c4550_0, 0, 1;
    %pushi/vec4 1, 0, 1;
    %store/vec4 v00000223ae1c4370_0, 0, 1;
    %pushi/vec4 1, 0, 1;
    %store/vec4 v00000223ae1c4410_0, 0, 1;
    %delay 10000, 0;
    %vpi_call 2 27 "$display", "input_1 = %b, input_2 = %b, select_line = %b, output = %b", v00000223ae1c4370_0, v00000223ae1c4410_0, v00000223ae1c4550_0, v00000223ae1c44b0_0 {0 0 0};
    %pushi/vec4 1, 0, 1;
    %store/vec4 v00000223ae1c4550_0, 0, 1;
    %pushi/vec4 0, 0, 1;
    %store/vec4 v00000223ae1c4370_0, 0, 1;
    %pushi/vec4 0, 0, 1;
    %store/vec4 v00000223ae1c4410_0, 0, 1;
    %delay 10000, 0;
    %vpi_call 2 29 "$display", "input_1 = %b, input_2 = %b, select_line = %b, output = %b", v00000223ae1c4370_0, v00000223ae1c4410_0, v00000223ae1c4550_0, v00000223ae1c44b0_0 {0 0 0};
    %pushi/vec4 1, 0, 1;
    %store/vec4 v00000223ae1c4550_0, 0, 1;
    %pushi/vec4 0, 0, 1;
    %store/vec4 v00000223ae1c4370_0, 0, 1;
    %pushi/vec4 1, 0, 1;
    %store/vec4 v00000223ae1c4410_0, 0, 1;
    %delay 10000, 0;
    %vpi_call 2 31 "$display", "input_1 = %b, input_2 = %b, select_line = %b, output = %b", v00000223ae1c4370_0, v00000223ae1c4410_0, v00000223ae1c4550_0, v00000223ae1c44b0_0 {0 0 0};
    %pushi/vec4 1, 0, 1;
    %store/vec4 v00000223ae1c4550_0, 0, 1;
    %pushi/vec4 1, 0, 1;
    %store/vec4 v00000223ae1c4370_0, 0, 1;
    %pushi/vec4 0, 0, 1;
    %store/vec4 v00000223ae1c4410_0, 0, 1;
    %delay 10000, 0;
    %vpi_call 2 33 "$display", "input_1 = %b, input_2 = %b, select_line = %b, output = %b", v00000223ae1c4370_0, v00000223ae1c4410_0, v00000223ae1c4550_0, v00000223ae1c44b0_0 {0 0 0};
    %pushi/vec4 1, 0, 1;
    %store/vec4 v00000223ae1c4550_0, 0, 1;
    %pushi/vec4 1, 0, 1;
    %store/vec4 v00000223ae1c4370_0, 0, 1;
    %pushi/vec4 1, 0, 1;
    %store/vec4 v00000223ae1c4410_0, 0, 1;
    %delay 10000, 0;
    %vpi_call 2 35 "$display", "input_1 = %b, input_2 = %b, select_line = %b, output = %b", v00000223ae1c4370_0, v00000223ae1c4410_0, v00000223ae1c4550_0, v00000223ae1c44b0_0 {0 0 0};
    %vpi_call 2 37 "$finish" {0 0 0};
    %end;
    .thread T_0;
# The file index is used to find the file name in the following table.
:file_names 4;
    "N/A";
    "<interactive>";
    "Multiplexers/tb_MUX2x1.v";
    "Multiplexers/MUX2x1.v";
